1515094341257	geckodriver	INFO	Listening on 127.0.0.1:59757
1515094342377	geckodriver::marionette	INFO	Starting browser /Applications/Firefox.app/Contents/MacOS/firefox-bin with args ["-marionette"]
1515094346193	Marionette	INFO	Listening on port 59767
1515094346324	Marionette	WARN	TLS certificate errors will be ignored for this session
1515094346554	Marionette	DEBUG	loaded listener.js
1515094346600	Marionette	DEBUG	Received DOM event "beforeunload" for "about:blank"
2018-01-04 11:32:26.657 plugin-container[26116:4247581] *** CFMessagePort: bootstrap_register(): failed 1100 (0x44c) 'Permission denied', port = 0x8937, name = 'com.apple.tsm.portname'
See /usr/include/servers/bootstrap_defs.h for the error codes.
1515094352323	Marionette	DEBUG	Received DOM event "pagehide" for "about:blank"
1515094352323	Marionette	DEBUG	Received DOM event "unload" for "about:blank"
1515094355987	Marionette	DEBUG	Received DOM event "DOMContentLoaded" for "https://www.facebook.com/"
1515094356049	Marionette	DEBUG	Received DOM event "DOMContentLoaded" for "https://www.facebook.com/"
1515094356061	Marionette	DEBUG	Received DOM event "pageshow" for "https://www.facebook.com/"
1515094356063	Marionette	DEBUG	Received DOM event "DOMContentLoaded" for "https://www.facebook.com/"
1515094356066	Marionette	DEBUG	Received DOM event "pageshow" for "https://www.facebook.com/"
1515094358261	Marionette	DEBUG	Received DOM event "DOMContentLoaded" for "https://staticxx.facebook.com/common/referer_frame.php"
1515094358273	Marionette	DEBUG	Received DOM event "pageshow" for "https://staticxx.facebook.com/common/referer_frame.php"
1515094358282	Marionette	DEBUG	Received DOM event "DOMContentLoaded" for "https://staticxx.facebook.com/common/referer_frame.php"
1515094358296	Marionette	DEBUG	Received DOM event "pageshow" for "https://staticxx.facebook.com/common/referer_frame.php"
1515094358299	Marionette	DEBUG	Received DOM event "DOMContentLoaded" for "https://staticxx.facebook.com/common/referer_frame.php"
1515094358308	Marionette	DEBUG	Received DOM event "pageshow" for "https://staticxx.facebook.com/common/referer_frame.php"
1515094358338	Marionette	DEBUG	Received DOM event "pageshow" for "https://www.facebook.com/"
1515094358992	Marionette	DEBUG	Received DOM event "beforeunload" for "https://www.facebook.com/"
1515094360412	Marionette	DEBUG	Received DOM event "pagehide" for "https://www.facebook.com/"
1515094360417	Marionette	DEBUG	Received DOM event "unload" for "https://www.facebook.com/"
1515094361792	Marionette	DEBUG	Received observer notification "outer-window-destroyed" for "2147483662"
1515094361794	Marionette	DEBUG	Received observer notification "outer-window-destroyed" for "2147483653"
1515094361802	Marionette	DEBUG	Received observer notification "outer-window-destroyed" for "2147483654"
1515094361804	Marionette	DEBUG	Received observer notification "outer-window-destroyed" for "2147483657"
1515094361805	Marionette	DEBUG	Received DOM event "DOMContentLoaded" for "https://www.facebook.com/"
1515094361842	Marionette	DEBUG	Received DOM event "pageshow" for "https://www.facebook.com/"
1515094361843	Marionette	DEBUG	Received DOM event "DOMContentLoaded" for "https://www.facebook.com/"
1515094361844	Marionette	DEBUG	Received DOM event "pageshow" for "https://www.facebook.com/"
1515094363351	Marionette	DEBUG	Received DOM event "DOMContentLoaded" for "https://www.facebook.com/"
1515094363355	Marionette	DEBUG	Received DOM event "DOMContentLoaded" for "https://www.facebook.com/"
1515094363365	Marionette	DEBUG	Received DOM event "pageshow" for "https://www.facebook.com/"
1515094365672	Marionette	DEBUG	Received DOM event "DOMContentLoaded" for "https://staticxx.facebook.com/common/referer_frame.php"
1515094365701	Marionette	DEBUG	Received DOM event "pageshow" for "https://staticxx.facebook.com/common/referer_frame.php"
1515094365729	Marionette	DEBUG	Received DOM event "DOMContentLoaded" for "https://staticxx.facebook.com/common/referer_frame.php"
1515094365744	Marionette	DEBUG	Received DOM event "pageshow" for "https://staticxx.facebook.com/common/referer_frame.php"
1515094365752	Marionette	DEBUG	Received DOM event "DOMContentLoaded" for "https://staticxx.facebook.com/common/referer_frame.php"
1515094365762	Marionette	DEBUG	Received DOM event "pageshow" for "https://staticxx.facebook.com/common/referer_frame.php"
1515094366937	Marionette	DEBUG	Received DOM event "DOMContentLoaded" for "https://www.facebook.com/ajax/pagelet/generic.php/PageHomepagePanelPagelet?dpr=2&ajaxpipe=1&ajaxpipe_token=AXgZluq4P2yUVTrU&no_script_path=1&data=%7B%22content_only%22%3Atrue%7D&__user=562520557&__a=1&__dyn=7AgNeUiF3846Ung9odoKEW8xd4Wo461mCwAxu13wqovzE6u7HwlE4Om2S3q2O1pwpUe8hwv9E467U6m1jBxu0EpHwiE28zUcoa8nyES3m2GdzE9U8o4e6-6u4obAF8vCguxGmh2o&__req=jsonp_2&__be=1&__pc=PHASED%3ADEFAULT&__rev=3555724&__spin_r=3555724&__spin_b=trunk&__spin_t=1515094360&__adt=2"
1515094366943	Marionette	DEBUG	Received DOM event "pageshow" for "https://www.facebook.com/ajax/pagelet/generic.php/PageHomepagePanelPagelet?dpr=2&ajaxpipe=1&ajaxpipe_token=AXgZluq4P2yUVTrU&no_script_path=1&data=%7B%22content_only%22%3Atrue%7D&__user=562520557&__a=1&__dyn=7AgNeUiF3846Ung9odoKEW8xd4Wo461mCwAxu13wqovzE6u7HwlE4Om2S3q2O1pwpUe8hwv9E467U6m1jBxu0EpHwiE28zUcoa8nyES3m2GdzE9U8o4e6-6u4obAF8vCguxGmh2o&__req=jsonp_2&__be=1&__pc=PHASED%3ADEFAULT&__rev=3555724&__spin_r=3555724&__spin_b=trunk&__spin_t=1515094360&__adt=2"
1515094367249	Marionette	DEBUG	Received DOM event "DOMContentLoaded" for "https://staticxx.facebook.com/common/referer_frame.php"
1515094367255	Marionette	DEBUG	Received DOM event "pageshow" for "https://staticxx.facebook.com/common/referer_frame.php"
1515094367259	Marionette	DEBUG	Received DOM event "DOMContentLoaded" for "https://staticxx.facebook.com/common/referer_frame.php"
1515094367270	Marionette	DEBUG	Received DOM event "pageshow" for "https://staticxx.facebook.com/common/referer_frame.php"
1515094367273	Marionette	DEBUG	Received DOM event "DOMContentLoaded" for "https://staticxx.facebook.com/common/referer_frame.php"
1515094367277	Marionette	DEBUG	Received DOM event "pageshow" for "https://staticxx.facebook.com/common/referer_frame.php"
1515094367765	Marionette	DEBUG	Received observer notification "outer-window-destroyed" for "2147483672"
1515094368485	Marionette	DEBUG	Received DOM event "DOMContentLoaded" for "https://www.facebook.com/sem_campaigns/sem_pixel_test/?google_pixel_category=1&google_pixel_src=https%3A%2F%2Fgoogleads.g.doubleclick.net%2Fpagead%2Fviewthroughconversion%2F995153884%2F%3Fvalue%3D1.00%26currency_code%3DUSD%26label%3DWu-ZCMSIzlwQ3K_D2gM%26guid%3DON%26script%3D0&encoded_one=AQQSRpc0JmTSRkBpqXNSx0uZslrejVhhrqSUDp3E4LGdpBZGphxCSLJP7_OS0uE22GHXbi3jgI7cMmEFnOaN3g_3&encoded_two=AQS787juEUri6tG2RlHI4O7BtZbczzhYCxKivCtzoJj36QZheN1mHcH58Wy5wR5GWKKb5y22Mlolma_FM2oNswQ1"
1515094368513	Marionette	DEBUG	Received DOM event "pageshow" for "https://www.facebook.com/sem_campaigns/sem_pixel_test/?google_pixel_category=1&google_pixel_src=https%3A%2F%2Fgoogleads.g.doubleclick.net%2Fpagead%2Fviewthroughconversion%2F995153884%2F%3Fvalue%3D1.00%26currency_code%3DUSD%26label%3DWu-ZCMSIzlwQ3K_D2gM%26guid%3DON%26script%3D0&encoded_one=AQQSRpc0JmTSRkBpqXNSx0uZslrejVhhrqSUDp3E4LGdpBZGphxCSLJP7_OS0uE22GHXbi3jgI7cMmEFnOaN3g_3&encoded_two=AQS787juEUri6tG2RlHI4O7BtZbczzhYCxKivCtzoJj36QZheN1mHcH58Wy5wR5GWKKb5y22Mlolma_FM2oNswQ1"
1515094368618	Marionette	DEBUG	Received observer notification "outer-window-destroyed" for "2147483681"
1515094369679	Marionette	DEBUG	Received DOM event "DOMContentLoaded" for "https://tm-sbx.fbsbx.com/landing/?org_id=j8ck72di&session_id=ARAaLSiIdpx9UAoh"
1515094369697	Marionette	DEBUG	Received observer notification "outer-window-destroyed" for "2147483683"
1515094370137	Marionette	DEBUG	Received DOM event "pageshow" for "https://www.google.com/ads/user-lists/995153884/?value=1.00&currency_code=USD&label=Wu-ZCMSIzlwQ3K_D2gM&guid=ON&script=0&cdct=2&is_vtc=1&random=1880672473"
1515094370139	Marionette	DEBUG	Received observer notification "outer-window-destroyed" for "2147483679"
1515094370247	Marionette	DEBUG	Received DOM event "DOMContentLoaded" for "https://tm-sbx.fbsbx.com/landing/?org_id=j8ck72di&session_id=ARAaLSiIdpx9UAoh"
1515094370278	Marionette	DEBUG	Received DOM event "pageshow" for "https://tm-sbx.fbsbx.com/landing/?org_id=j8ck72di&session_id=ARAaLSiIdpx9UAoh"
1515094370299	Marionette	DEBUG	Received DOM event "pageshow" for "https://tm-sbx.fbsbx.com/landing/?org_id=j8ck72di&session_id=ARAaLSiIdpx9UAoh"
1515094371485	Marionette	DEBUG	Received DOM event "DOMContentLoaded" for "https://ct-m-fbx.fbsbx.com/fp/ls_fp.html?org_id=j8ck72di&session_id=araalsiidpx9uaoh&nonce=1d32c553a83bb565"
1515094371653	Marionette	DEBUG	Received DOM event "pageshow" for "https://ct-m-fbx.fbsbx.com/fp/ls_fp.html?org_id=j8ck72di&session_id=araalsiidpx9uaoh&nonce=1d32c553a83bb565"
1515094375527	Marionette	DEBUG	Received DOM event "pageshow" for "https://www.facebook.com/"
1515094377702	Marionette	DEBUG	Received DOM event "beforeunload" for "https://www.facebook.com/"
1515094377819	Marionette	DEBUG	Received DOM event "pagehide" for "https://www.facebook.com/"
1515094377851	Marionette	DEBUG	Received DOM event "unload" for "https://www.facebook.com/"
1515094378858	Marionette	DEBUG	Received observer notification "outer-window-destroyed" for "2147483690"
1515094378877	Marionette	DEBUG	Received observer notification "outer-window-destroyed" for "2147483688"
1515094378880	Marionette	DEBUG	Received observer notification "outer-window-destroyed" for "2147483674"
1515094378882	Marionette	DEBUG	Received observer notification "outer-window-destroyed" for "2147483668"
1515094378883	Marionette	DEBUG	Received observer notification "outer-window-destroyed" for "2147483669"
1515094380763	Marionette	DEBUG	Received DOM event "DOMContentLoaded" for "https://www.facebook.com/groups/caltechwcs/events"
1515094386127	Marionette	DEBUG	Received DOM event "pageshow" for "https://www.facebook.com/groups/caltechwcs/events"
1515094387779	Marionette	DEBUG	Canceled page load listener because no navigation has been detected
1515094427368	Marionette	DEBUG	Canceled page load listener because no navigation has been detected
[Child 26116] WARNING: pipe error: Broken pipe: file /builds/slave/m-rel-m64-00000000000000000000/build/src/ipc/chromium/src/chrome/common/ipc_channel_posix.cc, line 702
1515095054689	geckodriver	INFO	Listening on 127.0.0.1:60192
1515095055997	geckodriver::marionette	INFO	Starting browser /Applications/Firefox.app/Contents/MacOS/firefox-bin with args ["-marionette"]
1515095059846	Marionette	INFO	Listening on port 60198
1515095059956	Marionette	WARN	TLS certificate errors will be ignored for this session
1515095060280	Marionette	DEBUG	loaded listener.js
1515095060328	Marionette	DEBUG	Received DOM event "beforeunload" for "about:blank"
2018-01-04 11:44:20.403 plugin-container[26256:4256606] *** CFMessagePort: bootstrap_register(): failed 1100 (0x44c) 'Permission denied', port = 0x6f37, name = 'com.apple.tsm.portname'
See /usr/include/servers/bootstrap_defs.h for the error codes.
1515095060660	Marionette	DEBUG	Received DOM event "pagehide" for "about:blank"
1515095060661	Marionette	DEBUG	Received DOM event "unload" for "about:blank"
1515095062813	Marionette	DEBUG	Received DOM event "DOMContentLoaded" for "https://www.facebook.com/"
1515095062936	Marionette	DEBUG	Received DOM event "DOMContentLoaded" for "https://www.facebook.com/"
1515095062940	Marionette	DEBUG	Received DOM event "pageshow" for "https://www.facebook.com/"
1515095062947	Marionette	DEBUG	Received DOM event "DOMContentLoaded" for "https://www.facebook.com/"
1515095062950	Marionette	DEBUG	Received DOM event "pageshow" for "https://www.facebook.com/"
1516589268800	geckodriver	INFO	Listening on 127.0.0.1:57326
1516589269853	geckodriver::marionette	INFO	Starting browser /Applications/Firefox.app/Contents/MacOS/firefox-bin with args ["-marionette"]
1516589272100	Marionette	INFO	Listening on port 57335
1516589272182	Marionette	WARN	TLS certificate errors will be ignored for this session
1516589272437	Marionette	DEBUG	loaded listener.js
1516589272473	Marionette	DEBUG	Received DOM event "beforeunload" for "about:blank"
2018-01-21 18:47:52.534 plugin-container[7143:584625] *** CFMessagePort: bootstrap_register(): failed 1100 (0x44c) 'Permission denied', port = 0x7637, name = 'com.apple.tsm.portname'
See /usr/include/servers/bootstrap_defs.h for the error codes.
1516589272671	Marionette	DEBUG	Received DOM event "pagehide" for "about:blank"
1516589272672	Marionette	DEBUG	Received DOM event "unload" for "about:blank"
1516589273425	Marionette	DEBUG	Received DOM event "DOMContentLoaded" for "https://www.facebook.com/"
1516589273531	Marionette	DEBUG	Received DOM event "DOMContentLoaded" for "https://www.facebook.com/"
1516589273535	Marionette	DEBUG	Received DOM event "pageshow" for "https://www.facebook.com/"
1516589273542	Marionette	DEBUG	Received DOM event "DOMContentLoaded" for "https://www.facebook.com/"
1516589273544	Marionette	DEBUG	Received DOM event "pageshow" for "https://www.facebook.com/"
1516589274920	Marionette	DEBUG	Received DOM event "DOMContentLoaded" for "https://staticxx.facebook.com/common/referer_frame.php"
1516589274927	Marionette	DEBUG	Received DOM event "pageshow" for "https://staticxx.facebook.com/common/referer_frame.php"
1516589274928	Marionette	DEBUG	Received DOM event "DOMContentLoaded" for "https://staticxx.facebook.com/common/referer_frame.php"
1516589274938	Marionette	DEBUG	Received DOM event "pageshow" for "https://staticxx.facebook.com/common/referer_frame.php"
1516589274945	Marionette	DEBUG	Received DOM event "DOMContentLoaded" for "https://staticxx.facebook.com/common/referer_frame.php"
1516589274954	Marionette	DEBUG	Received DOM event "pageshow" for "https://staticxx.facebook.com/common/referer_frame.php"
1516589275011	Marionette	DEBUG	Received DOM event "pageshow" for "https://www.facebook.com/"
1516589275521	Marionette	DEBUG	Received DOM event "beforeunload" for "https://www.facebook.com/"
1516589276126	Marionette	DEBUG	Received DOM event "pagehide" for "https://www.facebook.com/"
1516589276130	Marionette	DEBUG	Received DOM event "unload" for "https://www.facebook.com/"
1516589276609	Marionette	DEBUG	Received observer notification "outer-window-destroyed" for "2147483653"
1516589276617	Marionette	DEBUG	Received observer notification "outer-window-destroyed" for "2147483654"
1516589276619	Marionette	DEBUG	Received observer notification "outer-window-destroyed" for "2147483657"
1516589276651	Marionette	DEBUG	Received DOM event "DOMContentLoaded" for "https://www.facebook.com/"
1516589276656	Marionette	DEBUG	Received DOM event "pageshow" for "https://www.facebook.com/"
1516589276748	Marionette	DEBUG	Received DOM event "DOMContentLoaded" for "https://www.facebook.com/"
1516589276755	Marionette	DEBUG	Received DOM event "pageshow" for "https://www.facebook.com/"
1516589276756	Marionette	DEBUG	Received DOM event "DOMContentLoaded" for "https://www.facebook.com/"
1516589276757	Marionette	DEBUG	Received DOM event "pageshow" for "https://www.facebook.com/"
1516589276758	Marionette	DEBUG	Received DOM event "DOMContentLoaded" for "https://www.facebook.com/"
1516589276759	Marionette	DEBUG	Received DOM event "pageshow" for "https://www.facebook.com/"
1516589278604	Marionette	DEBUG	Received DOM event "DOMContentLoaded" for "https://www.facebook.com/"
1516589278704	Marionette	DEBUG	Received DOM event "DOMContentLoaded" for "https://www.facebook.com/"
1516589278746	Marionette	DEBUG	Received DOM event "pageshow" for "https://www.facebook.com/"
1516589282852	Marionette	DEBUG	Received DOM event "DOMContentLoaded" for "https://www.facebook.com/ajax/pagelet/generic.php/PageHomepagePanelPagelet?dpr=2&ajaxpipe=1&ajaxpipe_token=AXj-Yn6SLLcqXoBL&no_script_path=1&data=%7B%22content_only%22%3Atrue%7D&__user=562520557&__a=1&__dyn=7xeXxa4846UnwCwRyWzEy4VuC1GwJCwAxu13wqovzErxu3e7HwjpQ12zUbo8K9Dxm5E5C1DwUx61YCwoqxW5obo5C2S2G1wKHwOxu15wgE-362y5UGdwRwGzoW4olwxwgUrUpUhwKiAxq8wCxGmh2o8Hw&__req=jsonp_2&__be=1&__pc=PHASED%3ADEFAULT&__rev=3587483&__spin_r=3587483&__spin_b=trunk&__spin_t=1516589276&__adt=2"
1516589282858	Marionette	DEBUG	Received DOM event "pageshow" for "https://www.facebook.com/ajax/pagelet/generic.php/PageHomepagePanelPagelet?dpr=2&ajaxpipe=1&ajaxpipe_token=AXj-Yn6SLLcqXoBL&no_script_path=1&data=%7B%22content_only%22%3Atrue%7D&__user=562520557&__a=1&__dyn=7xeXxa4846UnwCwRyWzEy4VuC1GwJCwAxu13wqovzErxu3e7HwjpQ12zUbo8K9Dxm5E5C1DwUx61YCwoqxW5obo5C2S2G1wKHwOxu15wgE-362y5UGdwRwGzoW4olwxwgUrUpUhwKiAxq8wCxGmh2o8Hw&__req=jsonp_2&__be=1&__pc=PHASED%3ADEFAULT&__rev=3587483&__spin_r=3587483&__spin_b=trunk&__spin_t=1516589276&__adt=2"
1516589283647	Marionette	DEBUG	Received DOM event "DOMContentLoaded" for "https://staticxx.facebook.com/common/referer_frame.php"
1516589283666	Marionette	DEBUG	Received DOM event "pageshow" for "https://staticxx.facebook.com/common/referer_frame.php"
1516589283722	Marionette	DEBUG	Received DOM event "DOMContentLoaded" for "https://staticxx.facebook.com/common/referer_frame.php"
1516589283798	Marionette	DEBUG	Received DOM event "pageshow" for "https://staticxx.facebook.com/common/referer_frame.php"
1516589283799	Marionette	DEBUG	Received DOM event "DOMContentLoaded" for "https://staticxx.facebook.com/common/referer_frame.php"
1516589283807	Marionette	DEBUG	Received DOM event "pageshow" for "https://staticxx.facebook.com/common/referer_frame.php"
1516589283963	Marionette	DEBUG	Received DOM event "DOMContentLoaded" for "https://staticxx.facebook.com/common/referer_frame.php"
1516589283975	Marionette	DEBUG	Received DOM event "pageshow" for "https://staticxx.facebook.com/common/referer_frame.php"
1516589283978	Marionette	DEBUG	Received DOM event "DOMContentLoaded" for "https://staticxx.facebook.com/common/referer_frame.php"
1516589283989	Marionette	DEBUG	Received DOM event "pageshow" for "https://staticxx.facebook.com/common/referer_frame.php"
1516589284140	Marionette	DEBUG	Received DOM event "DOMContentLoaded" for "https://staticxx.facebook.com/common/referer_frame.php"
1516589284147	Marionette	DEBUG	Received DOM event "pageshow" for "https://staticxx.facebook.com/common/referer_frame.php"
1516589284148	Marionette	DEBUG	Received DOM event "DOMContentLoaded" for "https://staticxx.facebook.com/common/referer_frame.php"
1516589284152	Marionette	DEBUG	Received DOM event "pageshow" for "https://staticxx.facebook.com/common/referer_frame.php"
1516589284153	Marionette	DEBUG	Received DOM event "DOMContentLoaded" for "https://staticxx.facebook.com/common/referer_frame.php"
1516589284161	Marionette	DEBUG	Received DOM event "pageshow" for "https://staticxx.facebook.com/common/referer_frame.php"
1516589284162	Marionette	DEBUG	Received DOM event "DOMContentLoaded" for "https://staticxx.facebook.com/common/referer_frame.php"
1516589284170	Marionette	DEBUG	Received DOM event "pageshow" for "https://staticxx.facebook.com/common/referer_frame.php"
1516589284174	Marionette	DEBUG	Received DOM event "DOMContentLoaded" for "https://staticxx.facebook.com/common/referer_frame.php"
1516589284187	Marionette	DEBUG	Received DOM event "pageshow" for "https://staticxx.facebook.com/common/referer_frame.php"
1516589284464	Marionette	DEBUG	Received DOM event "DOMContentLoaded" for "https://www.facebook.com/sem_campaigns/sem_pixel_test/?google_pixel_category=8&google_pixel_src=https%3A%2F%2Fgoogleads.g.doubleclick.net%2Fpagead%2Fviewthroughconversion%2F1032622309%2F%3Fvalue%3D1.00%26currency_code%3DUSD%26label%3D6bfACJ7hjnsQ5aGy7AM%26guid%3DON%26script%3D0&encoded_one=AQSXo3kxQPjE5CC1rP4L5nePtymKuSgW4GjAs7sS8FrFjcLgA6S1H0gEjTcET8KZY4AbacWz_EjELvCTD9Ewvbd0&encoded_two=AQQrGzc2LJLo9OmBAga0pbHloorXAITgRrawJzNf7Ok4K09U1z1cslnPFg0nqKbGcGIk4UgqytcveCJX5gYxqGpc"
1516589284472	Marionette	DEBUG	Received DOM event "pageshow" for "https://www.facebook.com/sem_campaigns/sem_pixel_test/?google_pixel_category=8&google_pixel_src=https%3A%2F%2Fgoogleads.g.doubleclick.net%2Fpagead%2Fviewthroughconversion%2F1032622309%2F%3Fvalue%3D1.00%26currency_code%3DUSD%26label%3D6bfACJ7hjnsQ5aGy7AM%26guid%3DON%26script%3D0&encoded_one=AQSXo3kxQPjE5CC1rP4L5nePtymKuSgW4GjAs7sS8FrFjcLgA6S1H0gEjTcET8KZY4AbacWz_EjELvCTD9Ewvbd0&encoded_two=AQQrGzc2LJLo9OmBAga0pbHloorXAITgRrawJzNf7Ok4K09U1z1cslnPFg0nqKbGcGIk4UgqytcveCJX5gYxqGpc"
1516589284475	Marionette	DEBUG	Received DOM event "DOMContentLoaded" for "https://www.facebook.com/sem_campaigns/sem_pixel_test/?google_pixel_category=1&google_pixel_src=https%3A%2F%2Fgoogleads.g.doubleclick.net%2Fpagead%2Fviewthroughconversion%2F995153884%2F%3Fvalue%3D1.00%26currency_code%3DUSD%26label%3DOfKoCPXz2VwQ3K_D2gM%26guid%3DON%26script%3D0&encoded_one=AQRbdTrBuTI5DWO5Fsd68GWmkkwHdtzm-gXe9ItkROnEZHICteduSu_aDxuefkh7SlmZ65Dk1nAbpBk9xTzCxMj-&encoded_two=AQRyb1h0inNDXdQ5wkd1mGkjIL0UrXznk9RZMfF_qC0q-QAksOUzrk5Ed6E4o9YlzpGLlNer9AwiNgMik8nk65oP"
1516589284476	Marionette	DEBUG	Received DOM event "pageshow" for "https://www.facebook.com/sem_campaigns/sem_pixel_test/?google_pixel_category=1&google_pixel_src=https%3A%2F%2Fgoogleads.g.doubleclick.net%2Fpagead%2Fviewthroughconversion%2F995153884%2F%3Fvalue%3D1.00%26currency_code%3DUSD%26label%3DOfKoCPXz2VwQ3K_D2gM%26guid%3DON%26script%3D0&encoded_one=AQRbdTrBuTI5DWO5Fsd68GWmkkwHdtzm-gXe9ItkROnEZHICteduSu_aDxuefkh7SlmZ65Dk1nAbpBk9xTzCxMj-&encoded_two=AQRyb1h0inNDXdQ5wkd1mGkjIL0UrXznk9RZMfF_qC0q-QAksOUzrk5Ed6E4o9YlzpGLlNer9AwiNgMik8nk65oP"
1516589284568	Marionette	DEBUG	Received observer notification "outer-window-destroyed" for "2147483687"
1516589284574	Marionette	DEBUG	Received observer notification "outer-window-destroyed" for "2147483691"
JavaScript error: https://static.xx.fbcdn.net/rsrc.php/v3/yY/r/43xhBacuWmY.js, line 152: Error: Destroyed!
1516589284722	Marionette	DEBUG	Received DOM event "pageshow" for "https://www.google.com/ads/user-lists/1032622309/?value=1.00&currency_code=USD&label=6bfACJ7hjnsQ5aGy7AM&guid=ON&script=0&cdct=2&is_vtc=1&random=1767225804"
1516589284726	Marionette	DEBUG	Received observer notification "outer-window-destroyed" for "2147483685"
1516589284740	Marionette	DEBUG	Received DOM event "pageshow" for "https://www.google.com/ads/user-lists/995153884/?value=1.00&currency_code=USD&label=OfKoCPXz2VwQ3K_D2gM&guid=ON&script=0&cdct=2&is_vtc=1&random=2532492627"
1516589284741	Marionette	DEBUG	Received observer notification "outer-window-destroyed" for "2147483689"
1516589284801	Marionette	DEBUG	Received DOM event "DOMContentLoaded" for "https://tm-sbx.fbsbx.com/landing/?org_id=j8ck72di&session_id=ARCIbTDiEdKhvCZt"
1516589284809	Marionette	DEBUG	Received observer notification "outer-window-destroyed" for "2147483693"
1516589285042	Marionette	DEBUG	Received DOM event "DOMContentLoaded" for "https://tm-sbx.fbsbx.com/landing/?org_id=j8ck72di&session_id=ARCIbTDiEdKhvCZt"
1516589285054	Marionette	DEBUG	Received DOM event "pageshow" for "https://tm-sbx.fbsbx.com/landing/?org_id=j8ck72di&session_id=ARCIbTDiEdKhvCZt"
1516589285072	Marionette	DEBUG	Received DOM event "pageshow" for "https://tm-sbx.fbsbx.com/landing/?org_id=j8ck72di&session_id=ARCIbTDiEdKhvCZt"
1516589285227	Marionette	DEBUG	Received DOM event "pageshow" for "https://www.facebook.com/"
1516589287263	Marionette	DEBUG	Received DOM event "beforeunload" for "https://www.facebook.com/"
1516589288238	Marionette	DEBUG	Received DOM event "pagehide" for "https://www.facebook.com/"
1516589288253	Marionette	DEBUG	Received DOM event "unload" for "https://www.facebook.com/"
1516589288613	Marionette	DEBUG	Received observer notification "outer-window-destroyed" for "2147483702"
1516589288615	Marionette	DEBUG	Received observer notification "outer-window-destroyed" for "2147483700"
1516589288620	Marionette	DEBUG	Received observer notification "outer-window-destroyed" for "2147483678"
1516589288622	Marionette	DEBUG	Received observer notification "outer-window-destroyed" for "2147483705"
1516589288625	Marionette	DEBUG	Received observer notification "outer-window-destroyed" for "2147483668"
1516589288629	Marionette	DEBUG	Received observer notification "outer-window-destroyed" for "2147483669"
1516589288635	Marionette	DEBUG	Received observer notification "outer-window-destroyed" for "2147483670"
1516589288639	Marionette	DEBUG	Received observer notification "outer-window-destroyed" for "2147483671"
1516589288799	Marionette	DEBUG	Received DOM event "DOMContentLoaded" for "https://www.facebook.com/groups/caltechwcs/events"
1516589291060	Marionette	DEBUG	Received DOM event "pageshow" for "https://www.facebook.com/groups/caltechwcs/events"
1516589291799	Marionette	DEBUG	Canceled page load listener because no navigation has been detected
JavaScript warning: https://static.xx.fbcdn.net/rsrc.php/v3ifZo4/yF/l/en_US/JezJJ3jwGwz.js, line 1269: unreachable code after return statement
IPDL protocol error: Handler returned error code!

###!!! [Parent][DispatchAsyncMessage] Error: PLayerTransaction::Msg_ReleaseLayer Processing error: message was deserialized, but the handler returned false (indicating failure)

IPDL protocol error: Handler returned error code!

###!!! [Parent][DispatchAsyncMessage] Error: PLayerTransaction::Msg_ReleaseLayer Processing error: message was deserialized, but the handler returned false (indicating failure)

IPDL protocol error: Handler returned error code!

###!!! [Parent][DispatchAsyncMessage] Error: PLayerTransaction::Msg_ReleaseLayer Processing error: message was deserialized, but the handler returned false (indicating failure)

IPDL protocol error: Handler returned error code!

###!!! [Parent][DispatchAsyncMessage] Error: PLayerTransaction::Msg_ReleaseLayer Processing error: message was deserialized, but the handler returned false (indicating failure)

1516589337646	Marionette	INFO	Ceased listening
1516589571077	geckodriver	INFO	Listening on 127.0.0.1:57609
1516589572143	geckodriver::marionette	INFO	Starting browser /Applications/Firefox.app/Contents/MacOS/firefox-bin with args ["-marionette"]
1516589574232	Marionette	INFO	Listening on port 57618
1516589574345	Marionette	WARN	TLS certificate errors will be ignored for this session
1516589574540	Marionette	DEBUG	loaded listener.js
1516589574571	Marionette	DEBUG	Received DOM event "beforeunload" for "about:blank"
2018-01-21 18:52:54.626 plugin-container[7198:587965] *** CFMessagePort: bootstrap_register(): failed 1100 (0x44c) 'Permission denied', port = 0x7337, name = 'com.apple.tsm.portname'
See /usr/include/servers/bootstrap_defs.h for the error codes.
1516589574796	Marionette	DEBUG	Received DOM event "pagehide" for "about:blank"
1516589574796	Marionette	DEBUG	Received DOM event "unload" for "about:blank"
1516589575588	Marionette	DEBUG	Received DOM event "DOMContentLoaded" for "https://www.facebook.com/"
1516589575710	Marionette	DEBUG	Received DOM event "DOMContentLoaded" for "https://www.facebook.com/"
1516589575713	Marionette	DEBUG	Received DOM event "pageshow" for "https://www.facebook.com/"
1516589575714	Marionette	DEBUG	Received DOM event "DOMContentLoaded" for "https://www.facebook.com/"
1516589575718	Marionette	DEBUG	Received DOM event "pageshow" for "https://www.facebook.com/"
1516589581088	Marionette	DEBUG	Received DOM event "DOMContentLoaded" for "https://staticxx.facebook.com/common/referer_frame.php"
1516589581104	Marionette	DEBUG	Received DOM event "pageshow" for "https://staticxx.facebook.com/common/referer_frame.php"
1516589581108	Marionette	DEBUG	Received DOM event "DOMContentLoaded" for "https://staticxx.facebook.com/common/referer_frame.php"
1516589581123	Marionette	DEBUG	Received DOM event "pageshow" for "https://staticxx.facebook.com/common/referer_frame.php"
1516589581134	Marionette	DEBUG	Received DOM event "DOMContentLoaded" for "https://staticxx.facebook.com/common/referer_frame.php"
1516589581140	Marionette	DEBUG	Received DOM event "pageshow" for "https://staticxx.facebook.com/common/referer_frame.php"
1516589581152	Marionette	DEBUG	Received DOM event "DOMContentLoaded" for "https://staticxx.facebook.com/common/referer_frame.php"
1516589581157	Marionette	DEBUG	Received DOM event "pageshow" for "https://staticxx.facebook.com/common/referer_frame.php"
1516589581158	Marionette	DEBUG	Received DOM event "DOMContentLoaded" for "https://staticxx.facebook.com/common/referer_frame.php"
1516589581166	Marionette	DEBUG	Received DOM event "pageshow" for "https://staticxx.facebook.com/common/referer_frame.php"
1516589581340	Marionette	DEBUG	Received DOM event "DOMContentLoaded" for "https://www.facebook.com/sem_campaigns/sem_pixel_test/?google_pixel_category=4&google_pixel_src=https%3A%2F%2Fgoogleads.g.doubleclick.net%2Fpagead%2Fviewthroughconversion%2F995153884%2F%3Fvalue%3D1.00%26currency_code%3DUSD%26label%3DszBrCMnWkWAQ3K_D2gM%26guid%3DON%26script%3D0&encoded_one=AQR1mMCQiIW_R-6OnF63QZUi3GSqUK7-bxQhd9yyL6KrSO-RL32Leg40Vsx2C8KAfV8d4XQWdcuqaHQAdzr9u3ZN&encoded_two=AQRilSp1xedXkBI2OKsHM29T3W1UgzrpyLlXivDzL5XXjX3HFoxjaqBRkvhojxexqZgT7vCXo0V8d54XDRLZOOGt"
1516589581346	Marionette	DEBUG	Received DOM event "pageshow" for "https://www.facebook.com/sem_campaigns/sem_pixel_test/?google_pixel_category=4&google_pixel_src=https%3A%2F%2Fgoogleads.g.doubleclick.net%2Fpagead%2Fviewthroughconversion%2F995153884%2F%3Fvalue%3D1.00%26currency_code%3DUSD%26label%3DszBrCMnWkWAQ3K_D2gM%26guid%3DON%26script%3D0&encoded_one=AQR1mMCQiIW_R-6OnF63QZUi3GSqUK7-bxQhd9yyL6KrSO-RL32Leg40Vsx2C8KAfV8d4XQWdcuqaHQAdzr9u3ZN&encoded_two=AQRilSp1xedXkBI2OKsHM29T3W1UgzrpyLlXivDzL5XXjX3HFoxjaqBRkvhojxexqZgT7vCXo0V8d54XDRLZOOGt"
1516589581352	Marionette	DEBUG	Received observer notification "outer-window-destroyed" for "2147483663"
1516589582152	Marionette	DEBUG	Received DOM event "pageshow" for "https://www.google.com/ads/user-lists/995153884/?value=1.00&currency_code=USD&label=szBrCMnWkWAQ3K_D2gM&guid=ON&script=0&cdct=2&is_vtc=1&random=3763054748"
1516589582188	Marionette	DEBUG	Received DOM event "pageshow" for "https://www.facebook.com/"
1516589582594	Marionette	DEBUG	Received DOM event "beforeunload" for "https://www.facebook.com/"
1516589583350	Marionette	DEBUG	Received DOM event "pagehide" for "https://www.facebook.com/"
1516589583356	Marionette	DEBUG	Received DOM event "unload" for "https://www.facebook.com/"
1516589584192	Marionette	DEBUG	Received observer notification "outer-window-destroyed" for "2147483653"
1516589584197	Marionette	DEBUG	Received observer notification "outer-window-destroyed" for "2147483654"
1516589584201	Marionette	DEBUG	Received observer notification "outer-window-destroyed" for "2147483657"
1516589584208	Marionette	DEBUG	Received DOM event "DOMContentLoaded" for "https://www.facebook.com/"
1516589584220	Marionette	DEBUG	Received DOM event "pageshow" for "https://www.facebook.com/"
1516589584223	Marionette	DEBUG	Received DOM event "DOMContentLoaded" for "https://www.facebook.com/"
1516589584227	Marionette	DEBUG	Received DOM event "pageshow" for "https://www.facebook.com/"
1516589584234	Marionette	DEBUG	Received DOM event "DOMContentLoaded" for "https://www.facebook.com/"
1516589584234	Marionette	DEBUG	Received DOM event "pageshow" for "https://www.facebook.com/"
1516589584235	Marionette	DEBUG	Received DOM event "DOMContentLoaded" for "https://www.facebook.com/"
1516589584236	Marionette	DEBUG	Received DOM event "pageshow" for "https://www.facebook.com/"
1516589585890	Marionette	DEBUG	Received DOM event "DOMContentLoaded" for "https://www.facebook.com/"
1516589585970	Marionette	DEBUG	Received DOM event "DOMContentLoaded" for "https://www.facebook.com/"
1516589585996	Marionette	DEBUG	Received DOM event "pageshow" for "https://www.facebook.com/"
1516589587269	Marionette	DEBUG	Received DOM event "DOMContentLoaded" for "https://staticxx.facebook.com/common/referer_frame.php"
1516589587276	Marionette	DEBUG	Received DOM event "pageshow" for "https://staticxx.facebook.com/common/referer_frame.php"
1516589587277	Marionette	DEBUG	Received DOM event "DOMContentLoaded" for "https://staticxx.facebook.com/common/referer_frame.php"
1516589587296	Marionette	DEBUG	Received DOM event "pageshow" for "https://staticxx.facebook.com/common/referer_frame.php"
1516589587334	Marionette	DEBUG	Received DOM event "DOMContentLoaded" for "https://staticxx.facebook.com/common/referer_frame.php"
1516589587341	Marionette	DEBUG	Received DOM event "pageshow" for "https://staticxx.facebook.com/common/referer_frame.php"
1516589587342	Marionette	DEBUG	Received DOM event "DOMContentLoaded" for "https://staticxx.facebook.com/common/referer_frame.php"
1516589587358	Marionette	DEBUG	Received DOM event "pageshow" for "https://staticxx.facebook.com/common/referer_frame.php"
1516589587361	Marionette	DEBUG	Received DOM event "DOMContentLoaded" for "https://staticxx.facebook.com/common/referer_frame.php"
1516589587368	Marionette	DEBUG	Received DOM event "pageshow" for "https://staticxx.facebook.com/common/referer_frame.php"
1516589588065	Marionette	DEBUG	Received DOM event "DOMContentLoaded" for "https://www.facebook.com/ajax/pagelet/generic.php/PageHomepagePanelPagelet?dpr=2&ajaxpipe=1&ajaxpipe_token=AXj-Yn6SLLcqXoBL&no_script_path=1&data=%7B%22content_only%22%3Atrue%7D&__user=562520557&__a=1&__dyn=7xeXxa4846UnwCwRyWzEy4VuC0C9E98nwgU6C7UW6UnwPxWU4St0gE-2S2bypUlxq1pwpUe8hwv9E66265obo5C2S2G1wKHwiE4m12zUcoa8nyES3m2GdzEhxm2613xLxDx62Vai5Ey2q6Fp49wyK&__req=jsonp_2&__be=1&__pc=PHASED%3ADEFAULT&__rev=3587483&__spin_r=3587483&__spin_b=trunk&__spin_t=1516589583&__adt=2"
1516589588070	Marionette	DEBUG	Received DOM event "pageshow" for "https://www.facebook.com/ajax/pagelet/generic.php/PageHomepagePanelPagelet?dpr=2&ajaxpipe=1&ajaxpipe_token=AXj-Yn6SLLcqXoBL&no_script_path=1&data=%7B%22content_only%22%3Atrue%7D&__user=562520557&__a=1&__dyn=7xeXxa4846UnwCwRyWzEy4VuC0C9E98nwgU6C7UW6UnwPxWU4St0gE-2S2bypUlxq1pwpUe8hwv9E66265obo5C2S2G1wKHwiE4m12zUcoa8nyES3m2GdzEhxm2613xLxDx62Vai5Ey2q6Fp49wyK&__req=jsonp_2&__be=1&__pc=PHASED%3ADEFAULT&__rev=3587483&__spin_r=3587483&__spin_b=trunk&__spin_t=1516589583&__adt=2"
1516589588151	Marionette	DEBUG	Received DOM event "DOMContentLoaded" for "https://staticxx.facebook.com/common/referer_frame.php"
1516589588155	Marionette	DEBUG	Received DOM event "pageshow" for "https://staticxx.facebook.com/common/referer_frame.php"
1516589588155	Marionette	DEBUG	Received DOM event "DOMContentLoaded" for "https://staticxx.facebook.com/common/referer_frame.php"
1516589588160	Marionette	DEBUG	Received DOM event "pageshow" for "https://staticxx.facebook.com/common/referer_frame.php"
1516589588161	Marionette	DEBUG	Received DOM event "DOMContentLoaded" for "https://staticxx.facebook.com/common/referer_frame.php"
1516589588169	Marionette	DEBUG	Received DOM event "pageshow" for "https://staticxx.facebook.com/common/referer_frame.php"
1516589588177	Marionette	DEBUG	Received DOM event "DOMContentLoaded" for "https://staticxx.facebook.com/common/referer_frame.php"
1516589588196	Marionette	DEBUG	Received DOM event "pageshow" for "https://staticxx.facebook.com/common/referer_frame.php"
1516589588227	Marionette	DEBUG	Received DOM event "DOMContentLoaded" for "https://staticxx.facebook.com/common/referer_frame.php"
1516589588239	Marionette	DEBUG	Received DOM event "pageshow" for "https://staticxx.facebook.com/common/referer_frame.php"
1516589589823	Marionette	DEBUG	Received DOM event "DOMContentLoaded" for "https://www.facebook.com/sem_campaigns/sem_pixel_test/?google_pixel_category=1&google_pixel_src=https%3A%2F%2Fgoogleads.g.doubleclick.net%2Fpagead%2Fviewthroughconversion%2F995153884%2F%3Fvalue%3D1.00%26currency_code%3DUSD%26label%3DOfKoCPXz2VwQ3K_D2gM%26guid%3DON%26script%3D0&encoded_one=AQRZ3wIo_yj6Rt8V7V-iZgt6wb6W3rKWhKWIpvUc7U6_XoCbuFteghclPTwDpAz7_kSAHi9o5SrWDzrtcsZ7ba0l&encoded_two=AQRql15oVZQ9gU1nlDVPWML64o5td2wHuoHuonVMY98ekg-PFVnZaI3IUw9BkPHRkTOJhfi0L_QEZk5uieYUfeDa"
1516589589826	Marionette	DEBUG	Received DOM event "pageshow" for "https://www.facebook.com/sem_campaigns/sem_pixel_test/?google_pixel_category=1&google_pixel_src=https%3A%2F%2Fgoogleads.g.doubleclick.net%2Fpagead%2Fviewthroughconversion%2F995153884%2F%3Fvalue%3D1.00%26currency_code%3DUSD%26label%3DOfKoCPXz2VwQ3K_D2gM%26guid%3DON%26script%3D0&encoded_one=AQRZ3wIo_yj6Rt8V7V-iZgt6wb6W3rKWhKWIpvUc7U6_XoCbuFteghclPTwDpAz7_kSAHi9o5SrWDzrtcsZ7ba0l&encoded_two=AQRql15oVZQ9gU1nlDVPWML64o5td2wHuoHuonVMY98ekg-PFVnZaI3IUw9BkPHRkTOJhfi0L_QEZk5uieYUfeDa"
1516589589869	Marionette	DEBUG	Received DOM event "DOMContentLoaded" for "https://www.facebook.com/sem_campaigns/sem_pixel_test/?google_pixel_category=8&google_pixel_src=https%3A%2F%2Fgoogleads.g.doubleclick.net%2Fpagead%2Fviewthroughconversion%2F1032622309%2F%3Fvalue%3D1.00%26currency_code%3DUSD%26label%3D6bfACJ7hjnsQ5aGy7AM%26guid%3DON%26script%3D0&encoded_one=AQRX83FFQQRcaxwVFXJgIKkVV32hOMQOg4-JNs1kteFSHvcE6QqXe5RAsD-nPd5L--ClA3mtF5elMpZlHrVh5pCZ&encoded_two=AQQUuS73xoZcb2Tml8mPRhpyE6cHSMDg9r6MvLufBZQyatjdT14ewI6hAwy2YolC0eEVR3M8DorMRDaDfQ8GAexN"
1516589589875	Marionette	DEBUG	Received DOM event "pageshow" for "https://www.facebook.com/sem_campaigns/sem_pixel_test/?google_pixel_category=8&google_pixel_src=https%3A%2F%2Fgoogleads.g.doubleclick.net%2Fpagead%2Fviewthroughconversion%2F1032622309%2F%3Fvalue%3D1.00%26currency_code%3DUSD%26label%3D6bfACJ7hjnsQ5aGy7AM%26guid%3DON%26script%3D0&encoded_one=AQRX83FFQQRcaxwVFXJgIKkVV32hOMQOg4-JNs1kteFSHvcE6QqXe5RAsD-nPd5L--ClA3mtF5elMpZlHrVh5pCZ&encoded_two=AQQUuS73xoZcb2Tml8mPRhpyE6cHSMDg9r6MvLufBZQyatjdT14ewI6hAwy2YolC0eEVR3M8DorMRDaDfQ8GAexN"
1516589590213	Marionette	DEBUG	Received observer notification "outer-window-destroyed" for "2147483687"
1516589590281	Marionette	DEBUG	Received observer notification "outer-window-destroyed" for "2147483691"
1516589590606	Marionette	DEBUG	Received DOM event "pageshow" for "https://www.google.com/ads/user-lists/995153884/?value=1.00&currency_code=USD&label=OfKoCPXz2VwQ3K_D2gM&guid=ON&script=0&cdct=2&is_vtc=1&random=1481511085"
1516589590639	Marionette	DEBUG	Received observer notification "outer-window-destroyed" for "2147483685"
1516589590649	Marionette	DEBUG	Received DOM event "pageshow" for "https://www.google.com/ads/user-lists/1032622309/?value=1.00&currency_code=USD&label=6bfACJ7hjnsQ5aGy7AM&guid=ON&script=0&cdct=2&is_vtc=1&random=3928906694"
1516589590651	Marionette	DEBUG	Received observer notification "outer-window-destroyed" for "2147483689"
1516589591052	Marionette	DEBUG	Received DOM event "DOMContentLoaded" for "https://tm-sbx.fbsbx.com/landing/?org_id=j8ck72di&session_id=ARBeCDHjo7cZPTV6"
1516589591530	Marionette	DEBUG	Received observer notification "outer-window-destroyed" for "2147483693"
1516589591887	Marionette	DEBUG	Received DOM event "DOMContentLoaded" for "https://tm-sbx.fbsbx.com/landing/?org_id=j8ck72di&session_id=ARBeCDHjo7cZPTV6"
1516589591902	Marionette	DEBUG	Received DOM event "pageshow" for "https://tm-sbx.fbsbx.com/landing/?org_id=j8ck72di&session_id=ARBeCDHjo7cZPTV6"
1516589591933	Marionette	DEBUG	Received DOM event "pageshow" for "https://tm-sbx.fbsbx.com/landing/?org_id=j8ck72di&session_id=ARBeCDHjo7cZPTV6"
1516589592076	Marionette	DEBUG	Received DOM event "pageshow" for "https://www.facebook.com/"
1516589594158	Marionette	DEBUG	Received DOM event "beforeunload" for "https://www.facebook.com/"
1516589594463	Marionette	DEBUG	Received DOM event "pagehide" for "https://www.facebook.com/"
1516589594478	Marionette	DEBUG	Received DOM event "unload" for "https://www.facebook.com/"
1516589595449	Marionette	DEBUG	Received observer notification "outer-window-destroyed" for "2147483702"
1516589595451	Marionette	DEBUG	Received observer notification "outer-window-destroyed" for "2147483700"
1516589595455	Marionette	DEBUG	Received observer notification "outer-window-destroyed" for "2147483678"
1516589595458	Marionette	DEBUG	Received observer notification "outer-window-destroyed" for "2147483668"
1516589595463	Marionette	DEBUG	Received observer notification "outer-window-destroyed" for "2147483669"
1516589595467	Marionette	DEBUG	Received observer notification "outer-window-destroyed" for "2147483670"
1516589595472	Marionette	DEBUG	Received observer notification "outer-window-destroyed" for "2147483671"
1516589595590	Marionette	DEBUG	Received DOM event "DOMContentLoaded" for "https://www.facebook.com/groups/caltechwcs/events"
1516589597663	Marionette	DEBUG	Received DOM event "pageshow" for "https://www.facebook.com/groups/caltechwcs/events"
1516589598542	Marionette	DEBUG	Canceled page load listener because no navigation has been detected
JavaScript warning: https://static.xx.fbcdn.net/rsrc.php/v3ifZo4/yF/l/en_US/JezJJ3jwGwz.js, line 1269: unreachable code after return statement

###!!! [Child][MessageChannel] Error: (msgtype=0x440102,name=PContent::Msg_AsyncMessage) Channel closing: too late to send/recv, messages will be lost

JavaScript error: chrome://global/content/process-content.js, line 71: NS_ERROR_UNEXPECTED: Component returned failure code: 0x8000ffff (NS_ERROR_UNEXPECTED) [nsIMessageSender.sendAsyncMessage]

###!!! [Child][MessageChannel] Error: (msgtype=0x2C0048,name=PBrowser::Msg___delete__) Channel closing: too late to send/recv, messages will be lost


###!!! [Child][RunMessage] Error: Channel closing: too late to send/recv, messages will be lost


###!!! [Child][MessageChannel] Error: (msgtype=0x4400AB,name=PContent::Msg_ConsoleMessage) Channel closing: too late to send/recv, messages will be lost

1516589647645	Marionette	INFO	Ceased listening
1516589891588	geckodriver	INFO	Listening on 127.0.0.1:57808
1516589892665	geckodriver::marionette	INFO	Starting browser /Applications/Firefox.app/Contents/MacOS/firefox-bin with args ["-marionette"]
1516589901042	geckodriver	INFO	Listening on 127.0.0.1:57862
1516589902079	geckodriver::marionette	INFO	Starting browser /Applications/Firefox.app/Contents/MacOS/firefox-bin with args ["-marionette"]
1516589904150	Marionette	INFO	Listening on port 57871
1516589904270	Marionette	WARN	TLS certificate errors will be ignored for this session
1516589904470	Marionette	DEBUG	loaded listener.js
1516589904501	Marionette	DEBUG	Received DOM event "beforeunload" for "about:blank"
2018-01-21 18:58:24.551 plugin-container[7268:592504] *** CFMessagePort: bootstrap_register(): failed 1100 (0x44c) 'Permission denied', port = 0x743b, name = 'com.apple.tsm.portname'
See /usr/include/servers/bootstrap_defs.h for the error codes.
1516589904791	Marionette	DEBUG	Received DOM event "pagehide" for "about:blank"
1516589904792	Marionette	DEBUG	Received DOM event "unload" for "about:blank"
1516589905806	Marionette	DEBUG	Received DOM event "DOMContentLoaded" for "https://www.facebook.com/"
1516589905895	Marionette	DEBUG	Received DOM event "DOMContentLoaded" for "https://www.facebook.com/"
1516589905899	Marionette	DEBUG	Received DOM event "pageshow" for "https://www.facebook.com/"
1516589905914	Marionette	DEBUG	Received DOM event "DOMContentLoaded" for "https://www.facebook.com/"
1516589905916	Marionette	DEBUG	Received DOM event "pageshow" for "https://www.facebook.com/"
1516589908050	Marionette	DEBUG	Received DOM event "DOMContentLoaded" for "https://staticxx.facebook.com/common/referer_frame.php"
1516589908057	Marionette	DEBUG	Received DOM event "pageshow" for "https://staticxx.facebook.com/common/referer_frame.php"
1516589908058	Marionette	DEBUG	Received DOM event "DOMContentLoaded" for "https://staticxx.facebook.com/common/referer_frame.php"
1516589908065	Marionette	DEBUG	Received DOM event "pageshow" for "https://staticxx.facebook.com/common/referer_frame.php"
1516589908077	Marionette	DEBUG	Received DOM event "DOMContentLoaded" for "https://staticxx.facebook.com/common/referer_frame.php"
1516589908088	Marionette	DEBUG	Received DOM event "pageshow" for "https://staticxx.facebook.com/common/referer_frame.php"
1516589908105	Marionette	DEBUG	Received DOM event "DOMContentLoaded" for "https://staticxx.facebook.com/common/referer_frame.php"
1516589908108	Marionette	DEBUG	Received DOM event "pageshow" for "https://staticxx.facebook.com/common/referer_frame.php"
1516589908111	Marionette	DEBUG	Received DOM event "DOMContentLoaded" for "https://staticxx.facebook.com/common/referer_frame.php"
1516589908121	Marionette	DEBUG	Received DOM event "pageshow" for "https://staticxx.facebook.com/common/referer_frame.php"
1516589908273	Marionette	DEBUG	Received DOM event "DOMContentLoaded" for "https://www.facebook.com/sem_campaigns/sem_pixel_test/?google_pixel_category=4&google_pixel_src=https%3A%2F%2Fgoogleads.g.doubleclick.net%2Fpagead%2Fviewthroughconversion%2F995153884%2F%3Fvalue%3D1.00%26currency_code%3DUSD%26label%3DszBrCMnWkWAQ3K_D2gM%26guid%3DON%26script%3D0&encoded_one=AQSwqBS_eVgnLHX6uZq8BSvlsHbYc5Z8zRNLifxUOwv1GnurT5M5PRyw-3hiiNk6972fPSt5geYOnsi1I2RcdTDU&encoded_two=AQQ13L8k82sLG047YYKPz9bPi5OpIdZYw5PL1SoGjUA7E3VT3fOoaDRAQ_qd6V3a-NEgxphRNNXfZuhfiUyJ0__F"
1516589908280	Marionette	DEBUG	Received DOM event "pageshow" for "https://www.facebook.com/sem_campaigns/sem_pixel_test/?google_pixel_category=4&google_pixel_src=https%3A%2F%2Fgoogleads.g.doubleclick.net%2Fpagead%2Fviewthroughconversion%2F995153884%2F%3Fvalue%3D1.00%26currency_code%3DUSD%26label%3DszBrCMnWkWAQ3K_D2gM%26guid%3DON%26script%3D0&encoded_one=AQSwqBS_eVgnLHX6uZq8BSvlsHbYc5Z8zRNLifxUOwv1GnurT5M5PRyw-3hiiNk6972fPSt5geYOnsi1I2RcdTDU&encoded_two=AQQ13L8k82sLG047YYKPz9bPi5OpIdZYw5PL1SoGjUA7E3VT3fOoaDRAQ_qd6V3a-NEgxphRNNXfZuhfiUyJ0__F"
1516589908285	Marionette	DEBUG	Received observer notification "outer-window-destroyed" for "2147483663"
1516589908579	Marionette	DEBUG	Received DOM event "pageshow" for "https://www.google.com/ads/user-lists/995153884/?value=1.00&currency_code=USD&label=szBrCMnWkWAQ3K_D2gM&guid=ON&script=0&cdct=2&is_vtc=1&random=1883563896"
1516589908609	Marionette	DEBUG	Received DOM event "pageshow" for "https://www.facebook.com/"
1516589908971	Marionette	DEBUG	Received DOM event "beforeunload" for "https://www.facebook.com/"
1516589909773	Marionette	DEBUG	Received DOM event "pagehide" for "https://www.facebook.com/"
1516589909778	Marionette	DEBUG	Received DOM event "unload" for "https://www.facebook.com/"
1516589910274	Marionette	DEBUG	Received DOM event "DOMContentLoaded" for "https://www.facebook.com/"
1516589910279	Marionette	DEBUG	Received DOM event "pageshow" for "https://www.facebook.com/"
1516589910281	Marionette	DEBUG	Received DOM event "DOMContentLoaded" for "https://www.facebook.com/"
1516589910284	Marionette	DEBUG	Received DOM event "pageshow" for "https://www.facebook.com/"
1516589910287	Marionette	DEBUG	Received DOM event "DOMContentLoaded" for "https://www.facebook.com/"
1516589910288	Marionette	DEBUG	Received DOM event "pageshow" for "https://www.facebook.com/"
1516589910295	Marionette	DEBUG	Received observer notification "outer-window-destroyed" for "2147483653"
1516589910299	Marionette	DEBUG	Received observer notification "outer-window-destroyed" for "2147483654"
1516589910302	Marionette	DEBUG	Received observer notification "outer-window-destroyed" for "2147483657"
1516589910303	Marionette	DEBUG	Received DOM event "DOMContentLoaded" for "https://www.facebook.com/"
1516589910304	Marionette	DEBUG	Received DOM event "pageshow" for "https://www.facebook.com/"
1516589912114	Marionette	DEBUG	Received DOM event "DOMContentLoaded" for "https://www.facebook.com/"
1516589912356	Marionette	DEBUG	Received DOM event "DOMContentLoaded" for "https://www.facebook.com/"
1516589912395	Marionette	DEBUG	Received DOM event "pageshow" for "https://www.facebook.com/"
1516589913123	Marionette	DEBUG	Received DOM event "DOMContentLoaded" for "https://www.facebook.com/ajax/pagelet/generic.php/PageHomepagePanelPagelet?dpr=2&ajaxpipe=1&ajaxpipe_token=AXj-Yn6SLLcqXoBL&no_script_path=1&data=%7B%22content_only%22%3Atrue%7D&__user=562520557&__a=1&__dyn=7xeXxa4846UnwCwRyWzEy4VuC0C9E98nwgU6C7UW1DxWU5q1iwJwSwIwmo6u3y4o7Oq1xwpo5C0KpHwiE28zUcoa8nyES3m2GdzE9U8o4e6-6u4obAF8vwCxGmh2o&__req=jsonp_2&__be=1&__pc=PHASED%3ADEFAULT&__rev=3587483&__spin_r=3587483&__spin_b=trunk&__spin_t=1516589909&__adt=2"
1516589913125	Marionette	DEBUG	Received DOM event "pageshow" for "https://www.facebook.com/ajax/pagelet/generic.php/PageHomepagePanelPagelet?dpr=2&ajaxpipe=1&ajaxpipe_token=AXj-Yn6SLLcqXoBL&no_script_path=1&data=%7B%22content_only%22%3Atrue%7D&__user=562520557&__a=1&__dyn=7xeXxa4846UnwCwRyWzEy4VuC0C9E98nwgU6C7UW1DxWU5q1iwJwSwIwmo6u3y4o7Oq1xwpo5C0KpHwiE28zUcoa8nyES3m2GdzE9U8o4e6-6u4obAF8vwCxGmh2o&__req=jsonp_2&__be=1&__pc=PHASED%3ADEFAULT&__rev=3587483&__spin_r=3587483&__spin_b=trunk&__spin_t=1516589909&__adt=2"
1516589915324	Marionette	DEBUG	Received DOM event "DOMContentLoaded" for "https://staticxx.facebook.com/common/referer_frame.php"
1516589915333	Marionette	DEBUG	Received DOM event "pageshow" for "https://staticxx.facebook.com/common/referer_frame.php"
1516589915334	Marionette	DEBUG	Received DOM event "DOMContentLoaded" for "https://staticxx.facebook.com/common/referer_frame.php"
1516589915346	Marionette	DEBUG	Received DOM event "pageshow" for "https://staticxx.facebook.com/common/referer_frame.php"
1516589915348	Marionette	DEBUG	Received DOM event "DOMContentLoaded" for "https://staticxx.facebook.com/common/referer_frame.php"
1516589915356	Marionette	DEBUG	Received DOM event "pageshow" for "https://staticxx.facebook.com/common/referer_frame.php"
1516589915357	Marionette	DEBUG	Received DOM event "DOMContentLoaded" for "https://staticxx.facebook.com/common/referer_frame.php"
1516589915363	Marionette	DEBUG	Received DOM event "pageshow" for "https://staticxx.facebook.com/common/referer_frame.php"
1516589915364	Marionette	DEBUG	Received DOM event "DOMContentLoaded" for "https://staticxx.facebook.com/common/referer_frame.php"
1516589915369	Marionette	DEBUG	Received DOM event "pageshow" for "https://staticxx.facebook.com/common/referer_frame.php"
1516589915615	Marionette	DEBUG	Received DOM event "pageshow" for "https://www.facebook.com/"
1516589941822	Marionette	DEBUG	Received DOM event "beforeunload" for "https://www.facebook.com/"
1516589941881	Marionette	DEBUG	Received DOM event "pagehide" for "https://www.facebook.com/"
1516589941911	Marionette	DEBUG	Received DOM event "unload" for "https://www.facebook.com/"
1516589943498	Marionette	DEBUG	Received observer notification "outer-window-destroyed" for "2147483706"
1516589943505	Marionette	DEBUG	Received observer notification "outer-window-destroyed" for "2147483700"
1516589943511	Marionette	DEBUG	Received observer notification "outer-window-destroyed" for "2147483678"
1516589943513	Marionette	DEBUG	Received observer notification "outer-window-destroyed" for "2147483702"
1516589943514	Marionette	DEBUG	Received observer notification "outer-window-destroyed" for "2147483668"
1516589943515	Marionette	DEBUG	Received observer notification "outer-window-destroyed" for "2147483669"
1516589943516	Marionette	DEBUG	Received observer notification "outer-window-destroyed" for "2147483670"
1516589943518	Marionette	DEBUG	Received observer notification "outer-window-destroyed" for "2147483671"
1516589943708	Marionette	DEBUG	Received DOM event "DOMContentLoaded" for "https://www.facebook.com/groups/caltechwcs/events"
1516589945893	Marionette	DEBUG	Received DOM event "pageshow" for "https://www.facebook.com/groups/caltechwcs/events"
1516589970491	Marionette	DEBUG	Canceled page load listener because no navigation has been detected
JavaScript warning: https://static.xx.fbcdn.net/rsrc.php/v3ifZo4/yF/l/en_US/JezJJ3jwGwz.js, line 1269: unreachable code after return statement
1516590121331	geckodriver	INFO	Listening on 127.0.0.1:57993
1516590122397	geckodriver::marionette	INFO	Starting browser /Applications/Firefox.app/Contents/MacOS/firefox-bin with args ["-marionette"]
1516590124656	Marionette	INFO	Listening on port 58002
1516590124729	Marionette	WARN	TLS certificate errors will be ignored for this session
1516590125031	Marionette	DEBUG	loaded listener.js
1516590125081	Marionette	DEBUG	Received DOM event "beforeunload" for "about:blank"
2018-01-21 19:02:05.166 plugin-container[7313:595488] *** CFMessagePort: bootstrap_register(): failed 1100 (0x44c) 'Permission denied', port = 0x893b, name = 'com.apple.tsm.portname'
See /usr/include/servers/bootstrap_defs.h for the error codes.
1516590125314	Marionette	DEBUG	Received DOM event "pagehide" for "about:blank"
1516590125315	Marionette	DEBUG	Received DOM event "unload" for "about:blank"
1516590126131	Marionette	DEBUG	Received DOM event "DOMContentLoaded" for "https://www.facebook.com/"
1516590126226	Marionette	DEBUG	Received DOM event "DOMContentLoaded" for "https://www.facebook.com/"
1516590126230	Marionette	DEBUG	Received DOM event "pageshow" for "https://www.facebook.com/"
1516590126231	Marionette	DEBUG	Received DOM event "DOMContentLoaded" for "https://www.facebook.com/"
1516590126233	Marionette	DEBUG	Received DOM event "pageshow" for "https://www.facebook.com/"
1516590127556	Marionette	DEBUG	Received DOM event "DOMContentLoaded" for "https://staticxx.facebook.com/common/referer_frame.php"
1516590127571	Marionette	DEBUG	Received DOM event "pageshow" for "https://staticxx.facebook.com/common/referer_frame.php"
1516590127583	Marionette	DEBUG	Received DOM event "DOMContentLoaded" for "https://staticxx.facebook.com/common/referer_frame.php"
1516590127596	Marionette	DEBUG	Received DOM event "pageshow" for "https://staticxx.facebook.com/common/referer_frame.php"
1516590127599	Marionette	DEBUG	Received DOM event "DOMContentLoaded" for "https://staticxx.facebook.com/common/referer_frame.php"
1516590127608	Marionette	DEBUG	Received DOM event "pageshow" for "https://staticxx.facebook.com/common/referer_frame.php"
1516590127615	Marionette	DEBUG	Received DOM event "DOMContentLoaded" for "https://staticxx.facebook.com/common/referer_frame.php"
1516590127618	Marionette	DEBUG	Received DOM event "pageshow" for "https://staticxx.facebook.com/common/referer_frame.php"
1516590127625	Marionette	DEBUG	Received DOM event "DOMContentLoaded" for "https://staticxx.facebook.com/common/referer_frame.php"
1516590127628	Marionette	DEBUG	Received DOM event "pageshow" for "https://staticxx.facebook.com/common/referer_frame.php"
1516590127714	Marionette	DEBUG	Received DOM event "DOMContentLoaded" for "https://www.facebook.com/sem_campaigns/sem_pixel_test/?google_pixel_category=4&google_pixel_src=https%3A%2F%2Fgoogleads.g.doubleclick.net%2Fpagead%2Fviewthroughconversion%2F995153884%2F%3Fvalue%3D1.00%26currency_code%3DUSD%26label%3DctneCPPWkWAQ3K_D2gM%26guid%3DON%26script%3D0&encoded_one=AQTeWce1eNTQPbCN0tdL9U-RdotX0RfOE5wgTydymesfV00yns7W95O1yu5Xmorp5gN3SK0K-zkl3jB25NzTpG8R&encoded_two=AQQuXMC8ygcJ9rqMGBcad6Vcj61lDDCGzVvNmic3hhFIqH0OFvBqpAd8ikeHrPwaLaW5PgYwZ-bwY_-FKGLOLLNR"
1516590127716	Marionette	DEBUG	Received DOM event "pageshow" for "https://www.facebook.com/sem_campaigns/sem_pixel_test/?google_pixel_category=4&google_pixel_src=https%3A%2F%2Fgoogleads.g.doubleclick.net%2Fpagead%2Fviewthroughconversion%2F995153884%2F%3Fvalue%3D1.00%26currency_code%3DUSD%26label%3DctneCPPWkWAQ3K_D2gM%26guid%3DON%26script%3D0&encoded_one=AQTeWce1eNTQPbCN0tdL9U-RdotX0RfOE5wgTydymesfV00yns7W95O1yu5Xmorp5gN3SK0K-zkl3jB25NzTpG8R&encoded_two=AQQuXMC8ygcJ9rqMGBcad6Vcj61lDDCGzVvNmic3hhFIqH0OFvBqpAd8ikeHrPwaLaW5PgYwZ-bwY_-FKGLOLLNR"
1516590127718	Marionette	DEBUG	Received observer notification "outer-window-destroyed" for "2147483663"
1516590127951	Marionette	DEBUG	Received DOM event "pageshow" for "https://www.google.com/ads/user-lists/995153884/?value=1.00&currency_code=USD&label=ctneCPPWkWAQ3K_D2gM&guid=ON&script=0&cdct=2&is_vtc=1&random=194617820"
1516590128015	Marionette	DEBUG	Received DOM event "pageshow" for "https://www.facebook.com/"
1516590128543	Marionette	DEBUG	Received DOM event "beforeunload" for "https://www.facebook.com/"
1516590129013	Marionette	DEBUG	Received DOM event "pagehide" for "https://www.facebook.com/"
1516590129018	Marionette	DEBUG	Received DOM event "unload" for "https://www.facebook.com/"
1516590129445	Marionette	DEBUG	Received observer notification "outer-window-destroyed" for "2147483653"
1516590129447	Marionette	DEBUG	Received observer notification "outer-window-destroyed" for "2147483654"
1516590129448	Marionette	DEBUG	Received observer notification "outer-window-destroyed" for "2147483657"
1516590129449	Marionette	DEBUG	Received DOM event "DOMContentLoaded" for "https://www.facebook.com/"
1516590129451	Marionette	DEBUG	Received DOM event "pageshow" for "https://www.facebook.com/"
1516590129452	Marionette	DEBUG	Received DOM event "DOMContentLoaded" for "https://www.facebook.com/"
1516590129453	Marionette	DEBUG	Received DOM event "pageshow" for "https://www.facebook.com/"
1516590129456	Marionette	DEBUG	Received DOM event "DOMContentLoaded" for "https://www.facebook.com/"
1516590129458	Marionette	DEBUG	Received DOM event "pageshow" for "https://www.facebook.com/"
1516590129459	Marionette	DEBUG	Received DOM event "DOMContentLoaded" for "https://www.facebook.com/"
1516590129460	Marionette	DEBUG	Received DOM event "pageshow" for "https://www.facebook.com/"
1516590130987	Marionette	DEBUG	Received DOM event "DOMContentLoaded" for "https://www.facebook.com/"
1516590131218	Marionette	DEBUG	Received DOM event "DOMContentLoaded" for "https://www.facebook.com/"
1516590131243	Marionette	DEBUG	Received DOM event "pageshow" for "https://www.facebook.com/"
1516590133481	Marionette	DEBUG	Received DOM event "DOMContentLoaded" for "https://www.facebook.com/ajax/pagelet/generic.php/PageHomepagePanelPagelet?dpr=2&ajaxpipe=1&ajaxpipe_token=AXj-Yn6SLLcqXoBL&no_script_path=1&data=%7B%22content_only%22%3Atrue%7D&__user=562520557&__a=1&__dyn=7xeXxa4846UnwCwRyWzEy4VuC0C9E98nwgU6C7UW6UnwPxWU4St0gE-2S2bypUlxq1pwpUe8hwv9E66265obo5C2S2G1wKHwiE4m12zUcoa8nyES3m2GdzEhxm2613xLxDx62Vai5Ey2q6Fp49wyK&__req=jsonp_2&__be=1&__pc=PHASED%3ADEFAULT&__rev=3587483&__spin_r=3587483&__spin_b=trunk&__spin_t=1516590128&__adt=2"
1516590133527	Marionette	DEBUG	Received DOM event "pageshow" for "https://www.facebook.com/ajax/pagelet/generic.php/PageHomepagePanelPagelet?dpr=2&ajaxpipe=1&ajaxpipe_token=AXj-Yn6SLLcqXoBL&no_script_path=1&data=%7B%22content_only%22%3Atrue%7D&__user=562520557&__a=1&__dyn=7xeXxa4846UnwCwRyWzEy4VuC0C9E98nwgU6C7UW6UnwPxWU4St0gE-2S2bypUlxq1pwpUe8hwv9E66265obo5C2S2G1wKHwiE4m12zUcoa8nyES3m2GdzEhxm2613xLxDx62Vai5Ey2q6Fp49wyK&__req=jsonp_2&__be=1&__pc=PHASED%3ADEFAULT&__rev=3587483&__spin_r=3587483&__spin_b=trunk&__spin_t=1516590128&__adt=2"
1516590134963	Marionette	DEBUG	Received DOM event "DOMContentLoaded" for "https://staticxx.facebook.com/common/referer_frame.php"
1516590134977	Marionette	DEBUG	Received DOM event "pageshow" for "https://staticxx.facebook.com/common/referer_frame.php"
1516590134980	Marionette	DEBUG	Received DOM event "DOMContentLoaded" for "https://staticxx.facebook.com/common/referer_frame.php"
1516590134988	Marionette	DEBUG	Received DOM event "pageshow" for "https://staticxx.facebook.com/common/referer_frame.php"
1516590134989	Marionette	DEBUG	Received DOM event "DOMContentLoaded" for "https://staticxx.facebook.com/common/referer_frame.php"
1516590134996	Marionette	DEBUG	Received DOM event "pageshow" for "https://staticxx.facebook.com/common/referer_frame.php"
1516590134997	Marionette	DEBUG	Received DOM event "DOMContentLoaded" for "https://staticxx.facebook.com/common/referer_frame.php"
1516590135017	Marionette	DEBUG	Received DOM event "pageshow" for "https://staticxx.facebook.com/common/referer_frame.php"
1516590135201	Marionette	DEBUG	Received DOM event "DOMContentLoaded" for "https://staticxx.facebook.com/common/referer_frame.php"
1516590135215	Marionette	DEBUG	Received DOM event "pageshow" for "https://staticxx.facebook.com/common/referer_frame.php"
1516590135375	Marionette	DEBUG	Received DOM event "DOMContentLoaded" for "https://staticxx.facebook.com/common/referer_frame.php"
1516590135386	Marionette	DEBUG	Received DOM event "pageshow" for "https://staticxx.facebook.com/common/referer_frame.php"
1516590135387	Marionette	DEBUG	Received DOM event "DOMContentLoaded" for "https://staticxx.facebook.com/common/referer_frame.php"
1516590135393	Marionette	DEBUG	Received DOM event "pageshow" for "https://staticxx.facebook.com/common/referer_frame.php"
1516590135394	Marionette	DEBUG	Received DOM event "DOMContentLoaded" for "https://staticxx.facebook.com/common/referer_frame.php"
1516590135399	Marionette	DEBUG	Received DOM event "pageshow" for "https://staticxx.facebook.com/common/referer_frame.php"
1516590135400	Marionette	DEBUG	Received DOM event "DOMContentLoaded" for "https://staticxx.facebook.com/common/referer_frame.php"
1516590135404	Marionette	DEBUG	Received DOM event "pageshow" for "https://staticxx.facebook.com/common/referer_frame.php"
1516590135410	Marionette	DEBUG	Received DOM event "DOMContentLoaded" for "https://staticxx.facebook.com/common/referer_frame.php"
1516590135417	Marionette	DEBUG	Received DOM event "pageshow" for "https://staticxx.facebook.com/common/referer_frame.php"
1516590135915	Marionette	DEBUG	Received DOM event "DOMContentLoaded" for "https://www.facebook.com/sem_campaigns/sem_pixel_test/?google_pixel_category=1&google_pixel_src=https%3A%2F%2Fgoogleads.g.doubleclick.net%2Fpagead%2Fviewthroughconversion%2F995153884%2F%3Fvalue%3D1.00%26currency_code%3DUSD%26label%3DWu-ZCMSIzlwQ3K_D2gM%26guid%3DON%26script%3D0&encoded_one=AQSLYdX1zyZ1c-CyIOpueAWz0woDSuuS2sWK1rFw-bYkXDi4VMs19zKHIseAxVojyS5OOksOYmNGKxhzZEeWyl2l&encoded_two=AQSbX9gUaredHF1jYyYV_dEKfwOXaRClhE_hHttlJGCKb6iU7tpkhDrCKGV-xnKI3Pgnw_XOjqB1an8K_FP407g4"
1516590135919	Marionette	DEBUG	Received DOM event "pageshow" for "https://www.facebook.com/sem_campaigns/sem_pixel_test/?google_pixel_category=1&google_pixel_src=https%3A%2F%2Fgoogleads.g.doubleclick.net%2Fpagead%2Fviewthroughconversion%2F995153884%2F%3Fvalue%3D1.00%26currency_code%3DUSD%26label%3DWu-ZCMSIzlwQ3K_D2gM%26guid%3DON%26script%3D0&encoded_one=AQSLYdX1zyZ1c-CyIOpueAWz0woDSuuS2sWK1rFw-bYkXDi4VMs19zKHIseAxVojyS5OOksOYmNGKxhzZEeWyl2l&encoded_two=AQSbX9gUaredHF1jYyYV_dEKfwOXaRClhE_hHttlJGCKb6iU7tpkhDrCKGV-xnKI3Pgnw_XOjqB1an8K_FP407g4"
1516590135921	Marionette	DEBUG	Received DOM event "DOMContentLoaded" for "https://www.facebook.com/sem_campaigns/sem_pixel_test/?google_pixel_category=8&google_pixel_src=https%3A%2F%2Fgoogleads.g.doubleclick.net%2Fpagead%2Fviewthroughconversion%2F1032622309%2F%3Fvalue%3D1.00%26currency_code%3DUSD%26label%3D6bfACJ7hjnsQ5aGy7AM%26guid%3DON%26script%3D0&encoded_one=AQS-H-cJLiKyIV1-vSgwPbggE8usgU-Azle0FuHqgNWzUX5bn7VUpxPZ5oIzW9Cb1KGERg8wDSRfG879F3512DIz&encoded_two=AQSp_seopJgxC4KhDfVfT8o2CAUK4axnWBp7ZpkN-QCMayXTf3DuQYJKBwab9x_Uy5Da3VUaEZvKtFCEazrXDnv6"
1516590135924	Marionette	DEBUG	Received DOM event "pageshow" for "https://www.facebook.com/sem_campaigns/sem_pixel_test/?google_pixel_category=8&google_pixel_src=https%3A%2F%2Fgoogleads.g.doubleclick.net%2Fpagead%2Fviewthroughconversion%2F1032622309%2F%3Fvalue%3D1.00%26currency_code%3DUSD%26label%3D6bfACJ7hjnsQ5aGy7AM%26guid%3DON%26script%3D0&encoded_one=AQS-H-cJLiKyIV1-vSgwPbggE8usgU-Azle0FuHqgNWzUX5bn7VUpxPZ5oIzW9Cb1KGERg8wDSRfG879F3512DIz&encoded_two=AQSp_seopJgxC4KhDfVfT8o2CAUK4axnWBp7ZpkN-QCMayXTf3DuQYJKBwab9x_Uy5Da3VUaEZvKtFCEazrXDnv6"
1516590135995	Marionette	DEBUG	Received observer notification "outer-window-destroyed" for "2147483685"
1516590136018	Marionette	DEBUG	Received observer notification "outer-window-destroyed" for "2147483691"
1516590136287	Marionette	DEBUG	Received DOM event "pageshow" for "https://www.google.com/ads/user-lists/995153884/?value=1.00&currency_code=USD&label=Wu-ZCMSIzlwQ3K_D2gM&guid=ON&script=0&cdct=2&is_vtc=1&random=625086614"
1516590136300	Marionette	DEBUG	Received DOM event "pageshow" for "https://www.google.com/ads/user-lists/1032622309/?value=1.00&currency_code=USD&label=6bfACJ7hjnsQ5aGy7AM&guid=ON&script=0&cdct=2&is_vtc=1&random=3838801955"
1516590136304	Marionette	DEBUG	Received observer notification "outer-window-destroyed" for "2147483687"
1516590136309	Marionette	DEBUG	Received observer notification "outer-window-destroyed" for "2147483689"
1516590136870	Marionette	DEBUG	Received DOM event "DOMContentLoaded" for "https://tm-sbx.fbsbx.com/landing/?org_id=j8ck72di&session_id=ARC1b3cOPip0BqPc"
1516590136898	Marionette	DEBUG	Received observer notification "outer-window-destroyed" for "2147483693"
1516590137366	Marionette	DEBUG	Received observer notification "outer-window-destroyed" for "2147483676"
1516590137728	Marionette	DEBUG	Received DOM event "DOMContentLoaded" for "https://tm-sbx.fbsbx.com/landing/?org_id=j8ck72di&session_id=ARC1b3cOPip0BqPc"
1516590137747	Marionette	DEBUG	Received DOM event "pageshow" for "https://tm-sbx.fbsbx.com/landing/?org_id=j8ck72di&session_id=ARC1b3cOPip0BqPc"
1516590138093	Marionette	DEBUG	Received DOM event "pageshow" for "https://tm-sbx.fbsbx.com/landing/?org_id=j8ck72di&session_id=ARC1b3cOPip0BqPc"
1516590139325	Marionette	DEBUG	Received DOM event "DOMContentLoaded" for "https://ct-m-fbx.fbsbx.com/fp/ls_fp.html?org_id=j8ck72di&session_id=arc1b3copip0bqpc&nonce=ab8a4303ddf758d2"
1516590139329	Marionette	DEBUG	Received DOM event "pageshow" for "https://ct-m-fbx.fbsbx.com/fp/ls_fp.html?org_id=j8ck72di&session_id=arc1b3copip0bqpc&nonce=ab8a4303ddf758d2"
1516590140315	Marionette	DEBUG	Received DOM event "pageshow" for "https://www.facebook.com/"
1516590145495	Marionette	DEBUG	Received DOM event "beforeunload" for "https://www.facebook.com/"
1516590145584	Marionette	DEBUG	Received DOM event "pagehide" for "https://www.facebook.com/"
1516590145602	Marionette	DEBUG	Received DOM event "unload" for "https://www.facebook.com/"
1516590146447	Marionette	DEBUG	Received observer notification "outer-window-destroyed" for "2147483702"
1516590146450	Marionette	DEBUG	Received observer notification "outer-window-destroyed" for "2147483700"
1516590146455	Marionette	DEBUG	Received observer notification "outer-window-destroyed" for "2147483678"
1516590146457	Marionette	DEBUG	Received observer notification "outer-window-destroyed" for "2147483704"
1516590146459	Marionette	DEBUG	Received observer notification "outer-window-destroyed" for "2147483668"
1516590146461	Marionette	DEBUG	Received observer notification "outer-window-destroyed" for "2147483669"
1516590146466	Marionette	DEBUG	Received observer notification "outer-window-destroyed" for "2147483670"
1516590146469	Marionette	DEBUG	Received observer notification "outer-window-destroyed" for "2147483671"
1516590146635	Marionette	DEBUG	Received DOM event "DOMContentLoaded" for "https://www.facebook.com/groups/caltechwcs/events"
1516590148690	Marionette	DEBUG	Received DOM event "pageshow" for "https://www.facebook.com/groups/caltechwcs/events"
JavaScript warning: https://static.xx.fbcdn.net/rsrc.php/v3ifZo4/yF/l/en_US/JezJJ3jwGwz.js, line 1269: unreachable code after return statement
1516590183816	Marionette	DEBUG	Canceled page load listener because no navigation has been detected
1516590194705	Marionette	DEBUG	Canceled page load listener because no navigation has been detected
1516590203957	Marionette	DEBUG	Canceled page load listener because no navigation has been detected
1516590338794	Marionette	DEBUG	Canceled page load listener because no navigation has been detected
1516590497966	geckodriver	INFO	Listening on 127.0.0.1:58145
1516590499065	geckodriver::marionette	INFO	Starting browser /Applications/Firefox.app/Contents/MacOS/firefox-bin with args ["-marionette"]
1516590500723	Marionette	INFO	Ceased listening
1516590501601	Marionette	INFO	Listening on port 58154
1516590501706	Marionette	WARN	TLS certificate errors will be ignored for this session
1516590501901	Marionette	DEBUG	loaded listener.js
1516590501933	Marionette	DEBUG	Received DOM event "beforeunload" for "about:blank"
2018-01-21 19:08:21.995 plugin-container[7379:599473] *** CFMessagePort: bootstrap_register(): failed 1100 (0x44c) 'Permission denied', port = 0x843b, name = 'com.apple.tsm.portname'
See /usr/include/servers/bootstrap_defs.h for the error codes.
1516590502178	Marionette	DEBUG	Received DOM event "pagehide" for "about:blank"
1516590502178	Marionette	DEBUG	Received DOM event "unload" for "about:blank"
1516590503382	Marionette	DEBUG	Received DOM event "DOMContentLoaded" for "https://www.facebook.com/"
1516590503397	Marionette	DEBUG	Received DOM event "DOMContentLoaded" for "https://www.facebook.com/"
1516590503401	Marionette	DEBUG	Received DOM event "pageshow" for "https://www.facebook.com/"
1516590503404	Marionette	DEBUG	Received DOM event "DOMContentLoaded" for "https://www.facebook.com/"
1516590503406	Marionette	DEBUG	Received DOM event "pageshow" for "https://www.facebook.com/"
1516590505087	Marionette	DEBUG	Received DOM event "DOMContentLoaded" for "https://staticxx.facebook.com/common/referer_frame.php"
1516590505094	Marionette	DEBUG	Received DOM event "pageshow" for "https://staticxx.facebook.com/common/referer_frame.php"
1516590505095	Marionette	DEBUG	Received DOM event "DOMContentLoaded" for "https://staticxx.facebook.com/common/referer_frame.php"
1516590505102	Marionette	DEBUG	Received DOM event "pageshow" for "https://staticxx.facebook.com/common/referer_frame.php"
1516590505109	Marionette	DEBUG	Received DOM event "DOMContentLoaded" for "https://staticxx.facebook.com/common/referer_frame.php"
1516590505117	Marionette	DEBUG	Received DOM event "pageshow" for "https://staticxx.facebook.com/common/referer_frame.php"
1516590505218	Marionette	DEBUG	Received DOM event "DOMContentLoaded" for "https://staticxx.facebook.com/common/referer_frame.php"
1516590505224	Marionette	DEBUG	Received DOM event "pageshow" for "https://staticxx.facebook.com/common/referer_frame.php"
1516590505225	Marionette	DEBUG	Received DOM event "DOMContentLoaded" for "https://staticxx.facebook.com/common/referer_frame.php"
1516590505232	Marionette	DEBUG	Received DOM event "pageshow" for "https://staticxx.facebook.com/common/referer_frame.php"
1516590505320	Marionette	DEBUG	Received DOM event "DOMContentLoaded" for "https://www.facebook.com/sem_campaigns/sem_pixel_test/?google_pixel_category=4&google_pixel_src=https%3A%2F%2Fgoogleads.g.doubleclick.net%2Fpagead%2Fviewthroughconversion%2F995153884%2F%3Fvalue%3D1.00%26currency_code%3DUSD%26label%3DctneCPPWkWAQ3K_D2gM%26guid%3DON%26script%3D0&encoded_one=AQTkcgGXy0PzXQNJgwSH72Uk6aTSJKcbNbB7-mPTobeJetd8plq2W3-l9l8aI-9lHPUuyKnPFYbehUMpXXVuw27L&encoded_two=AQRL1CwleV8gpwYlNam4RvdM7q2iidtOYgUc4Yzev-H9PChRrht-rIy03RmbO-sA9TKwWAAJ7xJPjImIXaXMvVfJ"
1516590505322	Marionette	DEBUG	Received DOM event "pageshow" for "https://www.facebook.com/sem_campaigns/sem_pixel_test/?google_pixel_category=4&google_pixel_src=https%3A%2F%2Fgoogleads.g.doubleclick.net%2Fpagead%2Fviewthroughconversion%2F995153884%2F%3Fvalue%3D1.00%26currency_code%3DUSD%26label%3DctneCPPWkWAQ3K_D2gM%26guid%3DON%26script%3D0&encoded_one=AQTkcgGXy0PzXQNJgwSH72Uk6aTSJKcbNbB7-mPTobeJetd8plq2W3-l9l8aI-9lHPUuyKnPFYbehUMpXXVuw27L&encoded_two=AQRL1CwleV8gpwYlNam4RvdM7q2iidtOYgUc4Yzev-H9PChRrht-rIy03RmbO-sA9TKwWAAJ7xJPjImIXaXMvVfJ"
1516590505323	Marionette	DEBUG	Received observer notification "outer-window-destroyed" for "2147483663"
1516590505664	Marionette	DEBUG	Received DOM event "pageshow" for "https://www.google.com/ads/user-lists/995153884/?value=1.00&currency_code=USD&label=ctneCPPWkWAQ3K_D2gM&guid=ON&script=0&cdct=2&is_vtc=1&random=51399482"
1516590505696	Marionette	DEBUG	Received DOM event "pageshow" for "https://www.facebook.com/"
1516590506052	Marionette	DEBUG	Received DOM event "beforeunload" for "https://www.facebook.com/"
1516590506698	Marionette	DEBUG	Received DOM event "pagehide" for "https://www.facebook.com/"
1516590506703	Marionette	DEBUG	Received DOM event "unload" for "https://www.facebook.com/"
1516590507139	Marionette	DEBUG	Received DOM event "DOMContentLoaded" for "https://www.facebook.com/"
1516590507141	Marionette	DEBUG	Received DOM event "pageshow" for "https://www.facebook.com/"
1516590507142	Marionette	DEBUG	Received DOM event "DOMContentLoaded" for "https://www.facebook.com/"
1516590507143	Marionette	DEBUG	Received DOM event "pageshow" for "https://www.facebook.com/"
1516590507147	Marionette	DEBUG	Received observer notification "outer-window-destroyed" for "2147483653"
1516590507152	Marionette	DEBUG	Received observer notification "outer-window-destroyed" for "2147483654"
1516590507154	Marionette	DEBUG	Received observer notification "outer-window-destroyed" for "2147483657"
1516590507155	Marionette	DEBUG	Received DOM event "DOMContentLoaded" for "https://www.facebook.com/"
1516590507156	Marionette	DEBUG	Received DOM event "pageshow" for "https://www.facebook.com/"
1516590507157	Marionette	DEBUG	Received DOM event "DOMContentLoaded" for "https://www.facebook.com/"
1516590507158	Marionette	DEBUG	Received DOM event "pageshow" for "https://www.facebook.com/"
1516590508879	Marionette	DEBUG	Received DOM event "DOMContentLoaded" for "https://www.facebook.com/"
1516590509498	Marionette	DEBUG	Received DOM event "DOMContentLoaded" for "https://www.facebook.com/"
1516590509504	Marionette	DEBUG	Received DOM event "pageshow" for "https://www.facebook.com/"
1516590511334	Marionette	DEBUG	Received DOM event "DOMContentLoaded" for "https://www.facebook.com/ajax/pagelet/generic.php/PageHomepagePanelPagelet?dpr=2&ajaxpipe=1&ajaxpipe_token=AXj-Yn6SLLcqXoBL&no_script_path=1&data=%7B%22content_only%22%3Atrue%7D&__user=562520557&__a=1&__dyn=7xeXxa4846UnwCwRyWzEy4VuC0C9E98nwgU6C7UW1DxWU5q1iwJwSwIwmo6u3y4o7Oq1xwpo5C0KpHwiE28zUcoa8nyES3m2GdzE9U8o4e6-6u4obAF8vwCxGmh2o&__req=jsonp_2&__be=1&__pc=PHASED%3ADEFAULT&__rev=3587519&__spin_r=3587519&__spin_b=trunk&__spin_t=1516590506&__adt=2"
1516590511336	Marionette	DEBUG	Received DOM event "pageshow" for "https://www.facebook.com/ajax/pagelet/generic.php/PageHomepagePanelPagelet?dpr=2&ajaxpipe=1&ajaxpipe_token=AXj-Yn6SLLcqXoBL&no_script_path=1&data=%7B%22content_only%22%3Atrue%7D&__user=562520557&__a=1&__dyn=7xeXxa4846UnwCwRyWzEy4VuC0C9E98nwgU6C7UW1DxWU5q1iwJwSwIwmo6u3y4o7Oq1xwpo5C0KpHwiE28zUcoa8nyES3m2GdzE9U8o4e6-6u4obAF8vwCxGmh2o&__req=jsonp_2&__be=1&__pc=PHASED%3ADEFAULT&__rev=3587519&__spin_r=3587519&__spin_b=trunk&__spin_t=1516590506&__adt=2"
1516590512962	Marionette	DEBUG	Received DOM event "DOMContentLoaded" for "https://staticxx.facebook.com/common/referer_frame.php"
1516590512972	Marionette	DEBUG	Received DOM event "pageshow" for "https://staticxx.facebook.com/common/referer_frame.php"
1516590512972	Marionette	DEBUG	Received DOM event "DOMContentLoaded" for "https://staticxx.facebook.com/common/referer_frame.php"
1516590512980	Marionette	DEBUG	Received DOM event "pageshow" for "https://staticxx.facebook.com/common/referer_frame.php"
1516590512981	Marionette	DEBUG	Received DOM event "DOMContentLoaded" for "https://staticxx.facebook.com/common/referer_frame.php"
1516590512988	Marionette	DEBUG	Received DOM event "pageshow" for "https://staticxx.facebook.com/common/referer_frame.php"
1516590513028	Marionette	DEBUG	Received DOM event "DOMContentLoaded" for "https://staticxx.facebook.com/common/referer_frame.php"
1516590513043	Marionette	DEBUG	Received DOM event "pageshow" for "https://staticxx.facebook.com/common/referer_frame.php"
1516590513044	Marionette	DEBUG	Received DOM event "DOMContentLoaded" for "https://staticxx.facebook.com/common/referer_frame.php"
1516590513049	Marionette	DEBUG	Received DOM event "pageshow" for "https://staticxx.facebook.com/common/referer_frame.php"
1516590513197	Marionette	DEBUG	Received DOM event "DOMContentLoaded" for "https://staticxx.facebook.com/common/referer_frame.php"
1516590513208	Marionette	DEBUG	Received DOM event "pageshow" for "https://staticxx.facebook.com/common/referer_frame.php"
1516590513209	Marionette	DEBUG	Received DOM event "DOMContentLoaded" for "https://staticxx.facebook.com/common/referer_frame.php"
1516590513214	Marionette	DEBUG	Received DOM event "pageshow" for "https://staticxx.facebook.com/common/referer_frame.php"
1516590513214	Marionette	DEBUG	Received DOM event "DOMContentLoaded" for "https://staticxx.facebook.com/common/referer_frame.php"
1516590513218	Marionette	DEBUG	Received DOM event "pageshow" for "https://staticxx.facebook.com/common/referer_frame.php"
1516590513243	Marionette	DEBUG	Received DOM event "DOMContentLoaded" for "https://staticxx.facebook.com/common/referer_frame.php"
1516590513247	Marionette	DEBUG	Received DOM event "pageshow" for "https://staticxx.facebook.com/common/referer_frame.php"
1516590513248	Marionette	DEBUG	Received DOM event "DOMContentLoaded" for "https://staticxx.facebook.com/common/referer_frame.php"
1516590513252	Marionette	DEBUG	Received DOM event "pageshow" for "https://staticxx.facebook.com/common/referer_frame.php"
1516590513676	Marionette	DEBUG	Received DOM event "DOMContentLoaded" for "https://www.facebook.com/sem_campaigns/sem_pixel_test/?google_pixel_category=8&google_pixel_src=https%3A%2F%2Fgoogleads.g.doubleclick.net%2Fpagead%2Fviewthroughconversion%2F1032622309%2F%3Fvalue%3D1.00%26currency_code%3DUSD%26label%3D6bfACJ7hjnsQ5aGy7AM%26guid%3DON%26script%3D0&encoded_one=AQTjRRgk-XgdeW7futQeh5pR_hP9nvjIu2uEODetjtwQoX_-qVV9_bWMzw38L_aHU2Kr7bMHKp4icPIIgMW6OeEj&encoded_two=AQRDJT2oNNE2L0pCS-dBtgLaXh6-Qy4qy5C0GTq04iGNXhR8B8pE7_XDN7Ex2X7WPUPMWuEbbgypweGBa5Gg-Pbb"
1516590513680	Marionette	DEBUG	Received DOM event "pageshow" for "https://www.facebook.com/sem_campaigns/sem_pixel_test/?google_pixel_category=8&google_pixel_src=https%3A%2F%2Fgoogleads.g.doubleclick.net%2Fpagead%2Fviewthroughconversion%2F1032622309%2F%3Fvalue%3D1.00%26currency_code%3DUSD%26label%3D6bfACJ7hjnsQ5aGy7AM%26guid%3DON%26script%3D0&encoded_one=AQTjRRgk-XgdeW7futQeh5pR_hP9nvjIu2uEODetjtwQoX_-qVV9_bWMzw38L_aHU2Kr7bMHKp4icPIIgMW6OeEj&encoded_two=AQRDJT2oNNE2L0pCS-dBtgLaXh6-Qy4qy5C0GTq04iGNXhR8B8pE7_XDN7Ex2X7WPUPMWuEbbgypweGBa5Gg-Pbb"
1516590514052	Marionette	DEBUG	Received observer notification "outer-window-destroyed" for "2147483687"
1516590514151	Marionette	DEBUG	Received DOM event "DOMContentLoaded" for "https://www.facebook.com/sem_campaigns/sem_pixel_test/?google_pixel_category=1&google_pixel_src=https%3A%2F%2Fgoogleads.g.doubleclick.net%2Fpagead%2Fviewthroughconversion%2F995153884%2F%3Fvalue%3D1.00%26currency_code%3DUSD%26label%3DWu-ZCMSIzlwQ3K_D2gM%26guid%3DON%26script%3D0&encoded_one=AQRvvd1bSDc_ih-ndR0o9uLOZZ-TFz-AdGBXwG1MLJ4Kv0_LIW8-gu12gcyKPf6-5vR8nivxFxACg1MURaKanw3T&encoded_two=AQTnTGIMDnJn-AnKKmpvOnbAfGZYQqvIXsy1fqB8bAZxtOTFgiBttwpsyurTaK74ezhDIEqbGokbIfmVKgHAX8rQ"
1516590514156	Marionette	DEBUG	Received DOM event "pageshow" for "https://www.facebook.com/sem_campaigns/sem_pixel_test/?google_pixel_category=1&google_pixel_src=https%3A%2F%2Fgoogleads.g.doubleclick.net%2Fpagead%2Fviewthroughconversion%2F995153884%2F%3Fvalue%3D1.00%26currency_code%3DUSD%26label%3DWu-ZCMSIzlwQ3K_D2gM%26guid%3DON%26script%3D0&encoded_one=AQRvvd1bSDc_ih-ndR0o9uLOZZ-TFz-AdGBXwG1MLJ4Kv0_LIW8-gu12gcyKPf6-5vR8nivxFxACg1MURaKanw3T&encoded_two=AQTnTGIMDnJn-AnKKmpvOnbAfGZYQqvIXsy1fqB8bAZxtOTFgiBttwpsyurTaK74ezhDIEqbGokbIfmVKgHAX8rQ"
1516590514278	Marionette	DEBUG	Received observer notification "outer-window-destroyed" for "2147483691"
1516590514281	Marionette	DEBUG	Received observer notification "outer-window-destroyed" for "2147483676"
1516590514327	Marionette	DEBUG	Received DOM event "pageshow" for "https://www.google.com/ads/user-lists/1032622309/?value=1.00&currency_code=USD&label=6bfACJ7hjnsQ5aGy7AM&guid=ON&script=0&cdct=2&is_vtc=1&random=586658759"
1516590514331	Marionette	DEBUG	Received observer notification "outer-window-destroyed" for "2147483685"
1516590514726	Marionette	DEBUG	Received DOM event "pageshow" for "https://www.google.com/ads/user-lists/995153884/?value=1.00&currency_code=USD&label=Wu-ZCMSIzlwQ3K_D2gM&guid=ON&script=0&cdct=2&is_vtc=1&random=3737165473"
1516590514727	Marionette	DEBUG	Received observer notification "outer-window-destroyed" for "2147483689"
1516590516171	Marionette	DEBUG	Received DOM event "DOMContentLoaded" for "https://tm-sbx.fbsbx.com/landing/?org_id=j8ck72di&session_id=ARCBh7DjD4TwkiHE"
1516590516197	Marionette	DEBUG	Received observer notification "outer-window-destroyed" for "2147483693"
1516590517005	Marionette	DEBUG	Received DOM event "DOMContentLoaded" for "https://tm-sbx.fbsbx.com/landing/?org_id=j8ck72di&session_id=ARCBh7DjD4TwkiHE"
1516590517023	Marionette	DEBUG	Received DOM event "pageshow" for "https://tm-sbx.fbsbx.com/landing/?org_id=j8ck72di&session_id=ARCBh7DjD4TwkiHE"
1516590517033	Marionette	DEBUG	Received DOM event "pageshow" for "https://tm-sbx.fbsbx.com/landing/?org_id=j8ck72di&session_id=ARCBh7DjD4TwkiHE"
1516590518025	Marionette	DEBUG	Received DOM event "DOMContentLoaded" for "https://ct-m-fbx.fbsbx.com/fp/ls_fp.html?org_id=j8ck72di&session_id=arcbh7djd4twkihe&nonce=2056115b344d77b1"
1516590518136	Marionette	DEBUG	Received DOM event "pageshow" for "https://ct-m-fbx.fbsbx.com/fp/ls_fp.html?org_id=j8ck72di&session_id=arcbh7djd4twkihe&nonce=2056115b344d77b1"
1516590519135	Marionette	DEBUG	Received DOM event "pageshow" for "https://www.facebook.com/"
1516590521160	Marionette	DEBUG	Received DOM event "beforeunload" for "https://www.facebook.com/"
1516590521224	Marionette	DEBUG	Received DOM event "pagehide" for "https://www.facebook.com/"
1516590521242	Marionette	DEBUG	Received DOM event "unload" for "https://www.facebook.com/"
1516590521907	Marionette	DEBUG	Received observer notification "outer-window-destroyed" for "2147483702"
1516590521909	Marionette	DEBUG	Received observer notification "outer-window-destroyed" for "2147483700"
1516590521911	Marionette	DEBUG	Received observer notification "outer-window-destroyed" for "2147483678"
1516590521913	Marionette	DEBUG	Received observer notification "outer-window-destroyed" for "2147483668"
1516590521915	Marionette	DEBUG	Received observer notification "outer-window-destroyed" for "2147483669"
1516590521916	Marionette	DEBUG	Received observer notification "outer-window-destroyed" for "2147483670"
1516590521918	Marionette	DEBUG	Received observer notification "outer-window-destroyed" for "2147483671"
1516590522259	Marionette	DEBUG	Received DOM event "DOMContentLoaded" for "https://www.facebook.com/groups/caltechwcs/events"
1516590524690	Marionette	DEBUG	Received DOM event "pageshow" for "https://www.facebook.com/groups/caltechwcs/events"
1516590525611	Marionette	DEBUG	Canceled page load listener because no navigation has been detected
JavaScript warning: https://static.xx.fbcdn.net/rsrc.php/v3ifZo4/yF/l/en_US/z7DzvGPBpAH.js, line 1269: unreachable code after return statement
1516590620517	Marionette	INFO	Ceased listening
1516590628115	geckodriver	INFO	Listening on 127.0.0.1:58325
1516590629157	geckodriver::marionette	INFO	Starting browser /Applications/Firefox.app/Contents/MacOS/firefox-bin with args ["-marionette"]
1516590631190	Marionette	INFO	Listening on port 58334
1516590631269	Marionette	WARN	TLS certificate errors will be ignored for this session
1516590631492	Marionette	DEBUG	loaded listener.js
1516590631522	Marionette	DEBUG	Received DOM event "beforeunload" for "about:blank"
2018-01-21 19:10:31.578 plugin-container[7416:601180] *** CFMessagePort: bootstrap_register(): failed 1100 (0x44c) 'Permission denied', port = 0x7837, name = 'com.apple.tsm.portname'
See /usr/include/servers/bootstrap_defs.h for the error codes.
1516590631760	Marionette	DEBUG	Received DOM event "pagehide" for "about:blank"
1516590631761	Marionette	DEBUG	Received DOM event "unload" for "about:blank"
1516590632557	Marionette	DEBUG	Received DOM event "DOMContentLoaded" for "https://www.facebook.com/"
1516590632681	Marionette	DEBUG	Received DOM event "DOMContentLoaded" for "https://www.facebook.com/"
1516590632684	Marionette	DEBUG	Received DOM event "pageshow" for "https://www.facebook.com/"
1516590632687	Marionette	DEBUG	Received DOM event "DOMContentLoaded" for "https://www.facebook.com/"
1516590632688	Marionette	DEBUG	Received DOM event "pageshow" for "https://www.facebook.com/"
1516590634004	Marionette	DEBUG	Received DOM event "DOMContentLoaded" for "https://staticxx.facebook.com/common/referer_frame.php"
1516590634017	Marionette	DEBUG	Received DOM event "pageshow" for "https://staticxx.facebook.com/common/referer_frame.php"
1516590634022	Marionette	DEBUG	Received DOM event "DOMContentLoaded" for "https://staticxx.facebook.com/common/referer_frame.php"
1516590634031	Marionette	DEBUG	Received DOM event "pageshow" for "https://staticxx.facebook.com/common/referer_frame.php"
1516590634036	Marionette	DEBUG	Received DOM event "DOMContentLoaded" for "https://staticxx.facebook.com/common/referer_frame.php"
1516590634041	Marionette	DEBUG	Received DOM event "pageshow" for "https://staticxx.facebook.com/common/referer_frame.php"
1516590634089	Marionette	DEBUG	Received DOM event "pageshow" for "https://www.facebook.com/"
1516590634575	Marionette	DEBUG	Received DOM event "beforeunload" for "https://www.facebook.com/"
1516590634594	Marionette	DEBUG	Received observer notification "outer-window-destroyed" for "2147483661"
1516590635417	Marionette	DEBUG	Received DOM event "pagehide" for "https://www.facebook.com/"
1516590635425	Marionette	DEBUG	Received DOM event "unload" for "https://www.facebook.com/"
1516590635899	Marionette	DEBUG	Received observer notification "outer-window-destroyed" for "2147483653"
1516590635903	Marionette	DEBUG	Received observer notification "outer-window-destroyed" for "2147483654"
1516590635906	Marionette	DEBUG	Received observer notification "outer-window-destroyed" for "2147483657"
1516590635907	Marionette	DEBUG	Received DOM event "DOMContentLoaded" for "https://www.facebook.com/"
1516590635910	Marionette	DEBUG	Received DOM event "pageshow" for "https://www.facebook.com/"
1516590636084	Marionette	DEBUG	Received DOM event "DOMContentLoaded" for "https://www.facebook.com/"
1516590636093	Marionette	DEBUG	Received DOM event "pageshow" for "https://www.facebook.com/"
1516590636093	Marionette	DEBUG	Received DOM event "DOMContentLoaded" for "https://www.facebook.com/"
1516590636095	Marionette	DEBUG	Received DOM event "pageshow" for "https://www.facebook.com/"
1516590636098	Marionette	DEBUG	Received DOM event "DOMContentLoaded" for "https://www.facebook.com/"
1516590636101	Marionette	DEBUG	Received DOM event "pageshow" for "https://www.facebook.com/"
1516590637576	Marionette	DEBUG	Received DOM event "DOMContentLoaded" for "https://www.facebook.com/"
1516590637716	Marionette	DEBUG	Received DOM event "DOMContentLoaded" for "https://www.facebook.com/"
1516590637778	Marionette	DEBUG	Received DOM event "pageshow" for "https://www.facebook.com/"
1516590640730	Marionette	DEBUG	Received DOM event "DOMContentLoaded" for "https://www.facebook.com/ajax/pagelet/generic.php/PageHomepagePanelPagelet?dpr=2&ajaxpipe=1&ajaxpipe_token=AXj-Yn6SLLcqXoBL&no_script_path=1&data=%7B%22content_only%22%3Atrue%7D&__user=562520557&__a=1&__dyn=7xeXxa4846UnwCwRyWzEy4VuC0C9E98nwgU6C7UW1DxWU5q1iwJwSwIwmo6u3y4o7Oq1xwpo5C0KpHwiE28zUcoa8nyES3m2GdzE9U8o4e6-6u4obAF8vwCxGmh2o&__req=jsonp_2&__be=1&__pc=PHASED%3ADEFAULT&__rev=3587519&__spin_r=3587519&__spin_b=trunk&__spin_t=1516590635&__adt=2"
1516590640732	Marionette	DEBUG	Received DOM event "pageshow" for "https://www.facebook.com/ajax/pagelet/generic.php/PageHomepagePanelPagelet?dpr=2&ajaxpipe=1&ajaxpipe_token=AXj-Yn6SLLcqXoBL&no_script_path=1&data=%7B%22content_only%22%3Atrue%7D&__user=562520557&__a=1&__dyn=7xeXxa4846UnwCwRyWzEy4VuC0C9E98nwgU6C7UW1DxWU5q1iwJwSwIwmo6u3y4o7Oq1xwpo5C0KpHwiE28zUcoa8nyES3m2GdzE9U8o4e6-6u4obAF8vwCxGmh2o&__req=jsonp_2&__be=1&__pc=PHASED%3ADEFAULT&__rev=3587519&__spin_r=3587519&__spin_b=trunk&__spin_t=1516590635&__adt=2"
1516590641397	Marionette	DEBUG	Received DOM event "DOMContentLoaded" for "https://staticxx.facebook.com/common/referer_frame.php"
1516590641410	Marionette	DEBUG	Received DOM event "pageshow" for "https://staticxx.facebook.com/common/referer_frame.php"
1516590641433	Marionette	DEBUG	Received DOM event "DOMContentLoaded" for "https://staticxx.facebook.com/common/referer_frame.php"
1516590641451	Marionette	DEBUG	Received DOM event "pageshow" for "https://staticxx.facebook.com/common/referer_frame.php"
1516590641455	Marionette	DEBUG	Received DOM event "DOMContentLoaded" for "https://staticxx.facebook.com/common/referer_frame.php"
1516590641477	Marionette	DEBUG	Received DOM event "pageshow" for "https://staticxx.facebook.com/common/referer_frame.php"
1516590641478	Marionette	DEBUG	Received DOM event "DOMContentLoaded" for "https://staticxx.facebook.com/common/referer_frame.php"
1516590641500	Marionette	DEBUG	Received DOM event "pageshow" for "https://staticxx.facebook.com/common/referer_frame.php"
1516590641509	Marionette	DEBUG	Received DOM event "DOMContentLoaded" for "https://staticxx.facebook.com/common/referer_frame.php"
1516590641527	Marionette	DEBUG	Received DOM event "pageshow" for "https://staticxx.facebook.com/common/referer_frame.php"
1516590642042	Marionette	DEBUG	Received DOM event "DOMContentLoaded" for "https://staticxx.facebook.com/common/referer_frame.php"
1516590642055	Marionette	DEBUG	Received DOM event "pageshow" for "https://staticxx.facebook.com/common/referer_frame.php"
1516590642093	Marionette	DEBUG	Received DOM event "DOMContentLoaded" for "https://staticxx.facebook.com/common/referer_frame.php"
1516590642103	Marionette	DEBUG	Received DOM event "pageshow" for "https://staticxx.facebook.com/common/referer_frame.php"
1516590642105	Marionette	DEBUG	Received DOM event "DOMContentLoaded" for "https://staticxx.facebook.com/common/referer_frame.php"
1516590642116	Marionette	DEBUG	Received DOM event "pageshow" for "https://staticxx.facebook.com/common/referer_frame.php"
1516590642125	Marionette	DEBUG	Received DOM event "DOMContentLoaded" for "https://staticxx.facebook.com/common/referer_frame.php"
1516590642128	Marionette	DEBUG	Received DOM event "pageshow" for "https://staticxx.facebook.com/common/referer_frame.php"
1516590642129	Marionette	DEBUG	Received DOM event "DOMContentLoaded" for "https://staticxx.facebook.com/common/referer_frame.php"
1516590642139	Marionette	DEBUG	Received DOM event "pageshow" for "https://staticxx.facebook.com/common/referer_frame.php"
1516590642855	Marionette	DEBUG	Received DOM event "DOMContentLoaded" for "https://www.facebook.com/sem_campaigns/sem_pixel_test/?google_pixel_category=8&google_pixel_src=https%3A%2F%2Fgoogleads.g.doubleclick.net%2Fpagead%2Fviewthroughconversion%2F1032622309%2F%3Fvalue%3D1.00%26currency_code%3DUSD%26label%3D6bfACJ7hjnsQ5aGy7AM%26guid%3DON%26script%3D0&encoded_one=AQTDjPr6vToT9U9LPSnbRdJ_Sf-UE8F_dZcqjYYQtp4ZPXOJsc7kl5GIwx_7b0oohqXVCwp6u8gDrNeSMQEBOmYk&encoded_two=AQSKadzWL86RaJqXImsYhgMhiFjN2YnF4dSL4idVT0lZuGrFQY7CDx81FVBL5iLt2ntxpXTyK5g5r8CU4o7v6lzm"
1516590642860	Marionette	DEBUG	Received DOM event "pageshow" for "https://www.facebook.com/sem_campaigns/sem_pixel_test/?google_pixel_category=8&google_pixel_src=https%3A%2F%2Fgoogleads.g.doubleclick.net%2Fpagead%2Fviewthroughconversion%2F1032622309%2F%3Fvalue%3D1.00%26currency_code%3DUSD%26label%3D6bfACJ7hjnsQ5aGy7AM%26guid%3DON%26script%3D0&encoded_one=AQTDjPr6vToT9U9LPSnbRdJ_Sf-UE8F_dZcqjYYQtp4ZPXOJsc7kl5GIwx_7b0oohqXVCwp6u8gDrNeSMQEBOmYk&encoded_two=AQSKadzWL86RaJqXImsYhgMhiFjN2YnF4dSL4idVT0lZuGrFQY7CDx81FVBL5iLt2ntxpXTyK5g5r8CU4o7v6lzm"
1516590642864	Marionette	DEBUG	Received DOM event "DOMContentLoaded" for "https://www.facebook.com/sem_campaigns/sem_pixel_test/?google_pixel_category=1&google_pixel_src=https%3A%2F%2Fgoogleads.g.doubleclick.net%2Fpagead%2Fviewthroughconversion%2F995153884%2F%3Fvalue%3D1.00%26currency_code%3DUSD%26label%3DWu-ZCMSIzlwQ3K_D2gM%26guid%3DON%26script%3D0&encoded_one=AQR0Lf7exkOZ9DLM9z6sP2F7CYG4hk30Sgc704ds8QTkB7TgmAnLbz-g0Qnk3NrP7aoPxmmIp1lEzyPCuUa47jpd&encoded_two=AQRChEze7otrg_PkzdlpSTFrsL-34q9-KUbIBa6Yhs45wPK9UyY_w_AuRNnnEcsRRNh6wOUIpPyQ3GrCwcYD4KUT"
1516590642866	Marionette	DEBUG	Received DOM event "pageshow" for "https://www.facebook.com/sem_campaigns/sem_pixel_test/?google_pixel_category=1&google_pixel_src=https%3A%2F%2Fgoogleads.g.doubleclick.net%2Fpagead%2Fviewthroughconversion%2F995153884%2F%3Fvalue%3D1.00%26currency_code%3DUSD%26label%3DWu-ZCMSIzlwQ3K_D2gM%26guid%3DON%26script%3D0&encoded_one=AQR0Lf7exkOZ9DLM9z6sP2F7CYG4hk30Sgc704ds8QTkB7TgmAnLbz-g0Qnk3NrP7aoPxmmIp1lEzyPCuUa47jpd&encoded_two=AQRChEze7otrg_PkzdlpSTFrsL-34q9-KUbIBa6Yhs45wPK9UyY_w_AuRNnnEcsRRNh6wOUIpPyQ3GrCwcYD4KUT"
1516590642937	Marionette	DEBUG	Received observer notification "outer-window-destroyed" for "2147483687"
1516590642943	Marionette	DEBUG	Received observer notification "outer-window-destroyed" for "2147483691"
1516590643108	Marionette	DEBUG	Received DOM event "pageshow" for "https://www.google.com/ads/user-lists/995153884/?value=1.00&currency_code=USD&label=Wu-ZCMSIzlwQ3K_D2gM&guid=ON&script=0&cdct=2&is_vtc=1&random=2320719284"
1516590643134	Marionette	DEBUG	Received DOM event "pageshow" for "https://www.google.com/ads/user-lists/1032622309/?value=1.00&currency_code=USD&label=6bfACJ7hjnsQ5aGy7AM&guid=ON&script=0&cdct=2&is_vtc=1&random=725714670"
1516590643139	Marionette	DEBUG	Received observer notification "outer-window-destroyed" for "2147483689"
1516590643145	Marionette	DEBUG	Received observer notification "outer-window-destroyed" for "2147483685"
1516590643248	Marionette	DEBUG	Received DOM event "DOMContentLoaded" for "https://tm-sbx.fbsbx.com/landing/?org_id=j8ck72di&session_id=ARA09I2OrhaYwuSB"
1516590643282	Marionette	DEBUG	Received observer notification "outer-window-destroyed" for "2147483693"
1516590643297	Marionette	DEBUG	Received observer notification "outer-window-destroyed" for "2147483676"
1516590644359	Marionette	DEBUG	Received DOM event "DOMContentLoaded" for "https://tm-sbx.fbsbx.com/landing/?org_id=j8ck72di&session_id=ARA09I2OrhaYwuSB"
1516590644374	Marionette	DEBUG	Received DOM event "pageshow" for "https://tm-sbx.fbsbx.com/landing/?org_id=j8ck72di&session_id=ARA09I2OrhaYwuSB"
1516590644436	Marionette	DEBUG	Received DOM event "pageshow" for "https://tm-sbx.fbsbx.com/landing/?org_id=j8ck72di&session_id=ARA09I2OrhaYwuSB"
1516590645810	Marionette	DEBUG	Received DOM event "DOMContentLoaded" for "https://ct-m-fbx.fbsbx.com/fp/ls_fp.html?org_id=j8ck72di&session_id=ara09i2orhaywusb&nonce=81dc6c74b5f5c50d"
1516590645812	Marionette	DEBUG	Received DOM event "pageshow" for "https://ct-m-fbx.fbsbx.com/fp/ls_fp.html?org_id=j8ck72di&session_id=ara09i2orhaywusb&nonce=81dc6c74b5f5c50d"
1516590646962	Marionette	DEBUG	Received DOM event "pageshow" for "https://www.facebook.com/"
1516590648984	Marionette	DEBUG	Received DOM event "beforeunload" for "https://www.facebook.com/"
1516590649050	Marionette	DEBUG	Received DOM event "pagehide" for "https://www.facebook.com/"
1516590649062	Marionette	DEBUG	Received DOM event "unload" for "https://www.facebook.com/"
1516590649966	Marionette	DEBUG	Received observer notification "outer-window-destroyed" for "2147483702"
1516590649974	Marionette	DEBUG	Received observer notification "outer-window-destroyed" for "2147483700"
1516590649978	Marionette	DEBUG	Received observer notification "outer-window-destroyed" for "2147483678"
1516590649984	Marionette	DEBUG	Received observer notification "outer-window-destroyed" for "2147483668"
1516590649987	Marionette	DEBUG	Received observer notification "outer-window-destroyed" for "2147483669"
1516590649990	Marionette	DEBUG	Received observer notification "outer-window-destroyed" for "2147483670"
1516590649991	Marionette	DEBUG	Received observer notification "outer-window-destroyed" for "2147483671"
1516590650128	Marionette	DEBUG	Received DOM event "DOMContentLoaded" for "https://www.facebook.com/groups/caltechwcs/events"
1516590652871	Marionette	DEBUG	Received DOM event "pageshow" for "https://www.facebook.com/groups/caltechwcs/events"
1516590654323	Marionette	DEBUG	Canceled page load listener because no navigation has been detected
JavaScript warning: https://static.xx.fbcdn.net/rsrc.php/v3ifZo4/yF/l/en_US/z7DzvGPBpAH.js, line 1269: unreachable code after return statement
IPDL protocol error: Handler returned error code!

###!!! [Parent][DispatchAsyncMessage] Error: PLayerTransaction::Msg_ReleaseLayer Processing error: message was deserialized, but the handler returned false (indicating failure)

IPDL protocol error: Handler returned error code!

###!!! [Parent][DispatchAsyncMessage] Error: PLayerTransaction::Msg_ReleaseLayer Processing error: message was deserialized, but the handler returned false (indicating failure)

IPDL protocol error: Handler returned error code!

###!!! [Parent][DispatchAsyncMessage] Error: PLayerTransaction::Msg_ReleaseLayer Processing error: message was deserialized, but the handler returned false (indicating failure)

IPDL protocol error: Handler returned error code!

###!!! [Parent][DispatchAsyncMessage] Error: PLayerTransaction::Msg_ReleaseLayer Processing error: message was deserialized, but the handler returned false (indicating failure)

1516590863335	Marionette	INFO	Ceased listening
