1516588547333	geckodriver	INFO	Listening on 127.0.0.1:57014
1516588548511	geckodriver::marionette	INFO	Starting browser /Applications/Firefox.app/Contents/MacOS/firefox-bin with args ["-marionette"]
1516588550948	Marionette	INFO	Listening on port 57023
1516588551018	Marionette	WARN	TLS certificate errors will be ignored for this session
1516588551243	Marionette	DEBUG	loaded listener.js
1516588551288	Marionette	DEBUG	Received DOM event "beforeunload" for "about:blank"
2018-01-21 18:35:51.331 plugin-container[7050:576058] *** CFMessagePort: bootstrap_register(): failed 1100 (0x44c) 'Permission denied', port = 0x8a3b, name = 'com.apple.tsm.portname'
See /usr/include/servers/bootstrap_defs.h for the error codes.
1516588551965	Marionette	DEBUG	Received DOM event "pagehide" for "about:blank"
1516588551965	Marionette	DEBUG	Received DOM event "unload" for "about:blank"
1516588552955	Marionette	DEBUG	Received DOM event "DOMContentLoaded" for "https://www.facebook.com/"
1516588552976	Marionette	DEBUG	Received DOM event "DOMContentLoaded" for "https://www.facebook.com/"
1516588552979	Marionette	DEBUG	Received DOM event "pageshow" for "https://www.facebook.com/"
1516588552980	Marionette	DEBUG	Received DOM event "DOMContentLoaded" for "https://www.facebook.com/"
1516588552982	Marionette	DEBUG	Received DOM event "pageshow" for "https://www.facebook.com/"
1516588554355	Marionette	DEBUG	Received DOM event "DOMContentLoaded" for "https://staticxx.facebook.com/common/referer_frame.php"
1516588554374	Marionette	DEBUG	Received DOM event "pageshow" for "https://staticxx.facebook.com/common/referer_frame.php"
1516588554403	Marionette	DEBUG	Received DOM event "DOMContentLoaded" for "https://staticxx.facebook.com/common/referer_frame.php"
1516588554414	Marionette	DEBUG	Received DOM event "pageshow" for "https://staticxx.facebook.com/common/referer_frame.php"
1516588554423	Marionette	DEBUG	Received DOM event "DOMContentLoaded" for "https://staticxx.facebook.com/common/referer_frame.php"
1516588554429	Marionette	DEBUG	Received DOM event "pageshow" for "https://staticxx.facebook.com/common/referer_frame.php"
1516588554525	Marionette	DEBUG	Received DOM event "DOMContentLoaded" for "https://staticxx.facebook.com/common/referer_frame.php"
1516588554531	Marionette	DEBUG	Received DOM event "pageshow" for "https://staticxx.facebook.com/common/referer_frame.php"
1516588554540	Marionette	DEBUG	Received DOM event "DOMContentLoaded" for "https://staticxx.facebook.com/common/referer_frame.php"
1516588554548	Marionette	DEBUG	Received DOM event "pageshow" for "https://staticxx.facebook.com/common/referer_frame.php"
1516588554653	Marionette	DEBUG	Received DOM event "DOMContentLoaded" for "https://www.facebook.com/sem_campaigns/sem_pixel_test/?google_pixel_category=4&google_pixel_src=https%3A%2F%2Fgoogleads.g.doubleclick.net%2Fpagead%2Fviewthroughconversion%2F995153884%2F%3Fvalue%3D1.00%26currency_code%3DUSD%26label%3DctneCPPWkWAQ3K_D2gM%26guid%3DON%26script%3D0&encoded_one=AQTeOGzz9Li_LFcVsHgnfKdX6VhSGAg0PJ3IRluXrEHiuFF51ByaFNIFPes4zZ7ZOU7fM03EHWf6KZB70p0pESJw&encoded_two=AQR_qq74IgtH7LPy1Zx6nuiS1m40GKtQL6OwoTWG6IMiX4dm81B8fVyNs27dLX8J5y_GSF21gB6L2LxyYI4K64G9"
1516588554657	Marionette	DEBUG	Received DOM event "pageshow" for "https://www.facebook.com/sem_campaigns/sem_pixel_test/?google_pixel_category=4&google_pixel_src=https%3A%2F%2Fgoogleads.g.doubleclick.net%2Fpagead%2Fviewthroughconversion%2F995153884%2F%3Fvalue%3D1.00%26currency_code%3DUSD%26label%3DctneCPPWkWAQ3K_D2gM%26guid%3DON%26script%3D0&encoded_one=AQTeOGzz9Li_LFcVsHgnfKdX6VhSGAg0PJ3IRluXrEHiuFF51ByaFNIFPes4zZ7ZOU7fM03EHWf6KZB70p0pESJw&encoded_two=AQR_qq74IgtH7LPy1Zx6nuiS1m40GKtQL6OwoTWG6IMiX4dm81B8fVyNs27dLX8J5y_GSF21gB6L2LxyYI4K64G9"
1516588554659	Marionette	DEBUG	Received observer notification "outer-window-destroyed" for "2147483664"
1516588554968	Marionette	DEBUG	Received DOM event "pageshow" for "https://www.google.com/ads/user-lists/995153884/?value=1.00&currency_code=USD&label=ctneCPPWkWAQ3K_D2gM&guid=ON&script=0&cdct=2&is_vtc=1&random=461008056"
1516588554997	Marionette	DEBUG	Received DOM event "pageshow" for "https://www.facebook.com/"
1516588555371	Marionette	DEBUG	Received DOM event "beforeunload" for "https://www.facebook.com/"
1516588556151	Marionette	DEBUG	Received DOM event "pagehide" for "https://www.facebook.com/"
1516588556160	Marionette	DEBUG	Received DOM event "unload" for "https://www.facebook.com/"
1516588556758	Marionette	DEBUG	Received observer notification "outer-window-destroyed" for "2147483653"
1516588556761	Marionette	DEBUG	Received observer notification "outer-window-destroyed" for "2147483654"
1516588556765	Marionette	DEBUG	Received observer notification "outer-window-destroyed" for "2147483657"
1516588556766	Marionette	DEBUG	Received DOM event "DOMContentLoaded" for "https://www.facebook.com/"
1516588556771	Marionette	DEBUG	Received DOM event "pageshow" for "https://www.facebook.com/"
1516588556772	Marionette	DEBUG	Received DOM event "DOMContentLoaded" for "https://www.facebook.com/"
1516588556774	Marionette	DEBUG	Received DOM event "pageshow" for "https://www.facebook.com/"
1516588556778	Marionette	DEBUG	Received DOM event "DOMContentLoaded" for "https://www.facebook.com/"
1516588556782	Marionette	DEBUG	Received DOM event "pageshow" for "https://www.facebook.com/"
1516588556787	Marionette	DEBUG	Received DOM event "DOMContentLoaded" for "https://www.facebook.com/"
1516588556790	Marionette	DEBUG	Received DOM event "pageshow" for "https://www.facebook.com/"
1516588558855	Marionette	DEBUG	Received DOM event "DOMContentLoaded" for "https://www.facebook.com/"
1516588558959	Marionette	DEBUG	Received DOM event "DOMContentLoaded" for "https://www.facebook.com/"
1516588558990	Marionette	DEBUG	Received DOM event "pageshow" for "https://www.facebook.com/"
1516588562666	Marionette	DEBUG	Received DOM event "DOMContentLoaded" for "https://www.facebook.com/ajax/pagelet/generic.php/PageHomepagePanelPagelet?dpr=2&ajaxpipe=1&ajaxpipe_token=AXj-Yn6SLLcqXoBL&no_script_path=1&data=%7B%22content_only%22%3Atrue%7D&__user=562520557&__a=1&__dyn=7xeXxa4846UnwCwRyWzEy4VuC0C9E98nwgU6C7UW6UnwPxWU4St0gE-2S2bypUlxq1pwpUe8hwv9E66265obo5C2S2G1wKHwiE4m12zUcoa8nyES3m2GdzEhxm2613xLxDx62Vai5Ey2q6Fp49wyK&__req=jsonp_2&__be=1&__pc=PHASED%3ADEFAULT&__rev=3587483&__spin_r=3587483&__spin_b=trunk&__spin_t=1516588556&__adt=2"
1516588562672	Marionette	DEBUG	Received DOM event "pageshow" for "https://www.facebook.com/ajax/pagelet/generic.php/PageHomepagePanelPagelet?dpr=2&ajaxpipe=1&ajaxpipe_token=AXj-Yn6SLLcqXoBL&no_script_path=1&data=%7B%22content_only%22%3Atrue%7D&__user=562520557&__a=1&__dyn=7xeXxa4846UnwCwRyWzEy4VuC0C9E98nwgU6C7UW6UnwPxWU4St0gE-2S2bypUlxq1pwpUe8hwv9E66265obo5C2S2G1wKHwiE4m12zUcoa8nyES3m2GdzEhxm2613xLxDx62Vai5Ey2q6Fp49wyK&__req=jsonp_2&__be=1&__pc=PHASED%3ADEFAULT&__rev=3587483&__spin_r=3587483&__spin_b=trunk&__spin_t=1516588556&__adt=2"
1516588563437	Marionette	DEBUG	Received DOM event "DOMContentLoaded" for "https://staticxx.facebook.com/common/referer_frame.php"
1516588563512	Marionette	DEBUG	Received DOM event "pageshow" for "https://staticxx.facebook.com/common/referer_frame.php"
1516588563514	Marionette	DEBUG	Received DOM event "DOMContentLoaded" for "https://staticxx.facebook.com/common/referer_frame.php"
1516588563520	Marionette	DEBUG	Received DOM event "pageshow" for "https://staticxx.facebook.com/common/referer_frame.php"
1516588563521	Marionette	DEBUG	Received DOM event "DOMContentLoaded" for "https://staticxx.facebook.com/common/referer_frame.php"
1516588563527	Marionette	DEBUG	Received DOM event "pageshow" for "https://staticxx.facebook.com/common/referer_frame.php"
1516588563534	Marionette	DEBUG	Received DOM event "DOMContentLoaded" for "https://staticxx.facebook.com/common/referer_frame.php"
1516588563553	Marionette	DEBUG	Received DOM event "pageshow" for "https://staticxx.facebook.com/common/referer_frame.php"
1516588563593	Marionette	DEBUG	Received DOM event "DOMContentLoaded" for "https://staticxx.facebook.com/common/referer_frame.php"
1516588563605	Marionette	DEBUG	Received DOM event "pageshow" for "https://staticxx.facebook.com/common/referer_frame.php"
1516588564477	Marionette	DEBUG	Received DOM event "DOMContentLoaded" for "https://staticxx.facebook.com/common/referer_frame.php"
1516588564482	Marionette	DEBUG	Received DOM event "pageshow" for "https://staticxx.facebook.com/common/referer_frame.php"
1516588564520	Marionette	DEBUG	Received DOM event "DOMContentLoaded" for "https://staticxx.facebook.com/common/referer_frame.php"
1516588564524	Marionette	DEBUG	Received DOM event "pageshow" for "https://staticxx.facebook.com/common/referer_frame.php"
1516588564525	Marionette	DEBUG	Received DOM event "DOMContentLoaded" for "https://staticxx.facebook.com/common/referer_frame.php"
1516588564528	Marionette	DEBUG	Received DOM event "pageshow" for "https://staticxx.facebook.com/common/referer_frame.php"
1516588564529	Marionette	DEBUG	Received DOM event "DOMContentLoaded" for "https://staticxx.facebook.com/common/referer_frame.php"
1516588564543	Marionette	DEBUG	Received DOM event "pageshow" for "https://staticxx.facebook.com/common/referer_frame.php"
1516588564546	Marionette	DEBUG	Received DOM event "DOMContentLoaded" for "https://staticxx.facebook.com/common/referer_frame.php"
1516588564551	Marionette	DEBUG	Received DOM event "pageshow" for "https://staticxx.facebook.com/common/referer_frame.php"
1516588564892	Marionette	DEBUG	Received DOM event "DOMContentLoaded" for "https://www.facebook.com/sem_campaigns/sem_pixel_test/?google_pixel_category=8&google_pixel_src=https%3A%2F%2Fgoogleads.g.doubleclick.net%2Fpagead%2Fviewthroughconversion%2F1032622309%2F%3Fvalue%3D1.00%26currency_code%3DUSD%26label%3D6bfACJ7hjnsQ5aGy7AM%26guid%3DON%26script%3D0&encoded_one=AQQAgvwBfYN_8h-jv4JmVdJIoGj7VgUXZKfiQ97krpz-uEJoZ5CRMZtIEfYdVVgvEMH_7fjcFVTzGvZYQO122yW5&encoded_two=AQQqGRhl4JN3ijxmB6f9sXMMO7ScGUd7XCeRgyqy71p4S7apmf69LL0V6ISzv6QqUBhu-dmZtSBvZuiUbAsfPkJ_"
1516588564898	Marionette	DEBUG	Received DOM event "pageshow" for "https://www.facebook.com/sem_campaigns/sem_pixel_test/?google_pixel_category=8&google_pixel_src=https%3A%2F%2Fgoogleads.g.doubleclick.net%2Fpagead%2Fviewthroughconversion%2F1032622309%2F%3Fvalue%3D1.00%26currency_code%3DUSD%26label%3D6bfACJ7hjnsQ5aGy7AM%26guid%3DON%26script%3D0&encoded_one=AQQAgvwBfYN_8h-jv4JmVdJIoGj7VgUXZKfiQ97krpz-uEJoZ5CRMZtIEfYdVVgvEMH_7fjcFVTzGvZYQO122yW5&encoded_two=AQQqGRhl4JN3ijxmB6f9sXMMO7ScGUd7XCeRgyqy71p4S7apmf69LL0V6ISzv6QqUBhu-dmZtSBvZuiUbAsfPkJ_"
1516588564928	Marionette	DEBUG	Received DOM event "DOMContentLoaded" for "https://www.facebook.com/sem_campaigns/sem_pixel_test/?google_pixel_category=1&google_pixel_src=https%3A%2F%2Fgoogleads.g.doubleclick.net%2Fpagead%2Fviewthroughconversion%2F995153884%2F%3Fvalue%3D1.00%26currency_code%3DUSD%26label%3DOfKoCPXz2VwQ3K_D2gM%26guid%3DON%26script%3D0&encoded_one=AQSElrfMZA0_CFeqjT6-tocvvEmvivEv_nG5qT9ZL4yMxOl6kB2HDkzXkQRnCsiXUdF_oi_YNbZfMiRtzUG8YPoK&encoded_two=AQRr3eBHXBrOnzijzF98prhEO2O2XLjH85dS8vsAtR1Xe6pUt4INNkuZ0WfjEa3RG6nsSosXFjcWLauaTnLNSAyx"
1516588564932	Marionette	DEBUG	Received DOM event "pageshow" for "https://www.facebook.com/sem_campaigns/sem_pixel_test/?google_pixel_category=1&google_pixel_src=https%3A%2F%2Fgoogleads.g.doubleclick.net%2Fpagead%2Fviewthroughconversion%2F995153884%2F%3Fvalue%3D1.00%26currency_code%3DUSD%26label%3DOfKoCPXz2VwQ3K_D2gM%26guid%3DON%26script%3D0&encoded_one=AQSElrfMZA0_CFeqjT6-tocvvEmvivEv_nG5qT9ZL4yMxOl6kB2HDkzXkQRnCsiXUdF_oi_YNbZfMiRtzUG8YPoK&encoded_two=AQRr3eBHXBrOnzijzF98prhEO2O2XLjH85dS8vsAtR1Xe6pUt4INNkuZ0WfjEa3RG6nsSosXFjcWLauaTnLNSAyx"
1516588565014	Marionette	DEBUG	Received observer notification "outer-window-destroyed" for "2147483688"
1516588565036	Marionette	DEBUG	Received observer notification "outer-window-destroyed" for "2147483692"
1516588565349	Marionette	DEBUG	Received DOM event "pageshow" for "https://www.google.com/ads/user-lists/1032622309/?value=1.00&currency_code=USD&label=6bfACJ7hjnsQ5aGy7AM&guid=ON&script=0&cdct=2&is_vtc=1&random=3173671600"
1516588565354	Marionette	DEBUG	Received observer notification "outer-window-destroyed" for "2147483686"
JavaScript error: https://static.xx.fbcdn.net/rsrc.php/v3/yY/r/43xhBacuWmY.js, line 152: Error: Destroyed!
1516588565667	Marionette	DEBUG	Received DOM event "pageshow" for "https://www.google.com/ads/user-lists/995153884/?value=1.00&currency_code=USD&label=OfKoCPXz2VwQ3K_D2gM&guid=ON&script=0&cdct=2&is_vtc=1&random=3854349386"
1516588565669	Marionette	DEBUG	Received observer notification "outer-window-destroyed" for "2147483690"
1516588565809	Marionette	DEBUG	Received DOM event "DOMContentLoaded" for "https://tm-sbx.fbsbx.com/landing/?org_id=j8ck72di&session_id=ARD39VnfpXQZrF6P"
1516588565874	Marionette	DEBUG	Received observer notification "outer-window-destroyed" for "2147483694"
1516588566077	Marionette	DEBUG	Received observer notification "outer-window-destroyed" for "2147483677"
1516588567098	Marionette	DEBUG	Received DOM event "DOMContentLoaded" for "https://tm-sbx.fbsbx.com/landing/?org_id=j8ck72di&session_id=ARD39VnfpXQZrF6P"
1516588567367	Marionette	DEBUG	Received DOM event "pageshow" for "https://tm-sbx.fbsbx.com/landing/?org_id=j8ck72di&session_id=ARD39VnfpXQZrF6P"
1516588567420	Marionette	DEBUG	Received DOM event "pageshow" for "https://tm-sbx.fbsbx.com/landing/?org_id=j8ck72di&session_id=ARD39VnfpXQZrF6P"
1516588569175	Marionette	DEBUG	Received DOM event "DOMContentLoaded" for "https://ct-m-fbx.fbsbx.com/fp/ls_fp.html?org_id=j8ck72di&session_id=ard39vnfpxqzrf6p&nonce=3345fdd857cf6c9e"
1516588569859	Marionette	DEBUG	Received DOM event "pageshow" for "https://ct-m-fbx.fbsbx.com/fp/ls_fp.html?org_id=j8ck72di&session_id=ard39vnfpxqzrf6p&nonce=3345fdd857cf6c9e"
1516588570209	Marionette	DEBUG	Received DOM event "pageshow" for "https://www.facebook.com/"
1516588582016	Marionette	DEBUG	Received DOM event "beforeunload" for "https://www.facebook.com/"
1516588582185	Marionette	DEBUG	Received DOM event "pagehide" for "https://www.facebook.com/"
1516588582212	Marionette	DEBUG	Received DOM event "unload" for "https://www.facebook.com/"
1516588583025	Marionette	DEBUG	Received observer notification "outer-window-destroyed" for "2147483703"
1516588583026	Marionette	DEBUG	Received observer notification "outer-window-destroyed" for "2147483701"
1516588583029	Marionette	DEBUG	Received observer notification "outer-window-destroyed" for "2147483679"
1516588583033	Marionette	DEBUG	Received observer notification "outer-window-destroyed" for "2147483669"
1516588583035	Marionette	DEBUG	Received observer notification "outer-window-destroyed" for "2147483670"
1516588583036	Marionette	DEBUG	Received observer notification "outer-window-destroyed" for "2147483671"
1516588583038	Marionette	DEBUG	Received observer notification "outer-window-destroyed" for "2147483672"
1516588583335	Marionette	DEBUG	Received DOM event "DOMContentLoaded" for "https://www.facebook.com/groups/caltechwcs/events"
1516588585273	Marionette	DEBUG	Received DOM event "pageshow" for "https://www.facebook.com/groups/caltechwcs/events"
1516588617837	Marionette	DEBUG	Canceled page load listener because no navigation has been detected
JavaScript warning: https://static.xx.fbcdn.net/rsrc.php/v3ifZo4/yF/l/en_US/JezJJ3jwGwz.js, line 1269: unreachable code after return statement
*************************
A coding exception was thrown and uncaught in a Task.

Full message: TypeError: NetworkError when attempting to fetch resource.
Full stack: 
*************************
